#
# There is insufficient memory for the Java Runtime Environment to continue.
# Native memory allocation (malloc) failed to allocate 284016 bytes for Chunk::new
# Possible reasons:
#   The system is out of physical RAM or swap space
#   The process is running with CompressedOops enabled, and the Java Heap may be blocking the growth of the native heap
# Possible solutions:
#   Reduce memory load on the system
#   Increase physical memory or swap space
#   Check if swap backing store is full
#   Decrease Java heap size (-Xmx/-Xms)
#   Decrease number of Java threads
#   Decrease Java thread stack sizes (-Xss)
#   Set larger code cache with -XX:ReservedCodeCacheSize=
#   JVM is running with Unscaled Compressed Oops mode in which the Java heap is
#     placed in the first 4GB address space. The Java Heap base address is the
#     maximum limit for the native heap growth. Please use -XX:HeapBaseMinAddress
#     to set the Java Heap base and to place the Java Heap above 4GB virtual address.
# This output file may be truncated or incomplete.
#
#  Out of Memory Error (arena.cpp:184), pid=3604, tid=12792
#
# JRE version: OpenJDK Runtime Environment (20.0.2+9) (build 20.0.2+9-78)
# Java VM: OpenJDK 64-Bit Server VM (20.0.2+9-78, mixed mode, sharing, tiered, compressed oops, compressed class ptrs, g1 gc, windows-amd64)
# No core dump will be written. Minidumps are not enabled by default on client versions of Windows
#

---------------  S U M M A R Y ------------

Command Line: -javaagent:C:\Program Files\JetBrains\IntelliJ IDEA Community Edition 2023.2.2\lib\idea_rt.jar=61684:C:\Program Files\JetBrains\IntelliJ IDEA Community Edition 2023.2.2\bin -Dfile.encoding=UTF-8 -Dsun.stdout.encoding=UTF-8 -Dsun.stderr.encoding=UTF-8 --module-path=C:\Users\charl\.m2\repository\net\synedra\validatorfx\0.4.0\validatorfx-0.4.0.jar;C:\Users\charl\.m2\repository\org\controlsfx\controlsfx\11.1.2\controlsfx-11.1.2.jar;C:\Users\charl\.m2\repository\org\openjfx\javafx-fxml\20.0.1\javafx-fxml-20.0.1-win.jar;C:\Users\charl\.m2\repository\org\openjfx\javafx-controls\20.0.1\javafx-controls-20.0.1-win.jar;D:\Code\Java\ProjectOOP_Dictionary\Added Libraries\jlayer-1.0.1.jar;D:\Code\Java\ProjectOOP_Dictionary\Dictionary\target\classes;C:\Users\charl\.m2\repository\org\openjfx\javafx-graphics\20.0.1\javafx-graphics-20.0.1-win.jar;D:\Code\Java\ProjectOOP_Dictionary\Added Libraries\java-google-speech-api-8.0.0.jar;C:\Users\charl\.m2\repository\org\openjfx\javafx-base\20.0.1\javafx-base-20.0.1-win.jar;C:\Users\charl\.m2\repository\org\kordamp\bootstrapfx\bootstrapfx-core\0.4.0\bootstrapfx-core-0.4.0.jar -Djdk.module.main=com.example.dictionary com.example.dictionary/com.example.dictionary.DictionaryApplication

Host: Intel(R) Core(TM) i5-4200U CPU @ 1.60GHz, 4 cores, 3G,  Windows 10 , 64 bit Build 19041 (10.0.19041.3570)
Time: Fri Nov  3 22:31:48 2023 SE Asia Standard Time elapsed time: 3.816138 seconds (0d 0h 0m 3s)

---------------  T H R E A D  ---------------

Current thread (0x000001b6f8d6ebd0):  JavaThread "C2 CompilerThread0" daemon [_thread_in_native, id=12792, stack(0x0000002de9700000,0x0000002de9800000)]


Current CompileTask:
C2:   3816 1651       4       sun.security.ec.ECOperations$PointMultiplier::lookup (84 bytes)

Stack: [0x0000002de9700000,0x0000002de9800000]
Native frames: (J=compiled Java code, j=interpreted, Vv=VM code, C=native code)
V  [jvm.dll+0x6bc25a]
V  [jvm.dll+0x84971a]
V  [jvm.dll+0x84b315]
V  [jvm.dll+0x84ba13]
V  [jvm.dll+0x280e4f]
V  [jvm.dll+0xc2ab1]
V  [jvm.dll+0xc2dd5]
V  [jvm.dll+0x2f611f]
V  [jvm.dll+0x5e3b0b]
V  [jvm.dll+0x254684]
V  [jvm.dll+0x254a4f]
V  [jvm.dll+0x24d23d]
V  [jvm.dll+0x24a819]
V  [jvm.dll+0x1ce761]
V  [jvm.dll+0x25a0eb]
V  [jvm.dll+0x2587c0]
V  [jvm.dll+0x3f2dd5]
V  [jvm.dll+0x7f5c76]
V  [jvm.dll+0x6baecb]
C  [ucrtbase.dll+0x21bb2]
C  [KERNEL32.DLL+0x17344]
C  [ntdll.dll+0x526b1]


---------------  P R O C E S S  ---------------

Threads class SMR info:
_java_thread_list=0x000001b6fdae6770, length=18, elements={
0x000001b6ed25f890, 0x000001b6f8d50970, 0x000001b6f8d51f10, 0x000001b6f8d54f50,
0x000001b6f8d578a0, 0x000001b6f8d59190, 0x000001b6f8d5e290, 0x000001b6f8d6ebd0,
0x000001b6f8d71910, 0x000001b6fd05dc50, 0x000001b6fd05c1c0, 0x000001b6fd05bc70,
0x000001b6fd05d1b0, 0x000001b6fd05c710, 0x000001b6fd05cc60, 0x000001b6fd05a730,
0x000001b6fd05d700, 0x000001b6fd05b720
}

Java Threads: ( => current thread )
  0x000001b6ed25f890 JavaThread "main" [_thread_blocked, id=2504, stack(0x0000002de8a00000,0x0000002de8b00000)]
  0x000001b6f8d50970 JavaThread "Reference Handler" daemon [_thread_blocked, id=13120, stack(0x0000002de9100000,0x0000002de9200000)]
  0x000001b6f8d51f10 JavaThread "Finalizer" daemon [_thread_blocked, id=4884, stack(0x0000002de9200000,0x0000002de9300000)]
  0x000001b6f8d54f50 JavaThread "Signal Dispatcher" daemon [_thread_blocked, id=12964, stack(0x0000002de9300000,0x0000002de9400000)]
  0x000001b6f8d578a0 JavaThread "Attach Listener" daemon [_thread_blocked, id=1040, stack(0x0000002de9400000,0x0000002de9500000)]
  0x000001b6f8d59190 JavaThread "Service Thread" daemon [_thread_blocked, id=11832, stack(0x0000002de9500000,0x0000002de9600000)]
  0x000001b6f8d5e290 JavaThread "Monitor Deflation Thread" daemon [_thread_blocked, id=12348, stack(0x0000002de9600000,0x0000002de9700000)]
=>0x000001b6f8d6ebd0 JavaThread "C2 CompilerThread0" daemon [_thread_in_native, id=12792, stack(0x0000002de9700000,0x0000002de9800000)]
  0x000001b6f8d71910 JavaThread "C1 CompilerThread0" daemon [_thread_blocked, id=4728, stack(0x0000002de9800000,0x0000002de9900000)]
  0x000001b6fd05dc50 JavaThread "Common-Cleaner" daemon [_thread_blocked, id=3776, stack(0x0000002de9900000,0x0000002de9a00000)]
  0x000001b6fd05c1c0 JavaThread "Monitor Ctrl-Break" daemon [_thread_in_native, id=13280, stack(0x0000002de9b00000,0x0000002de9c00000)]
  0x000001b6fd05bc70 JavaThread "Notification Thread" daemon [_thread_blocked, id=4968, stack(0x0000002de9c00000,0x0000002de9d00000)]
  0x000001b6fd05d1b0 JavaThread "QuantumRenderer-0" daemon [_thread_blocked, id=7940, stack(0x0000002dea000000,0x0000002dea100000)]
  0x000001b6fd05c710 JavaThread "InvokeLaterDispatcher" daemon [_thread_blocked, id=10680, stack(0x0000002dea100000,0x0000002dea200000)]
  0x000001b6fd05cc60 JavaThread "JavaFX Application Thread" [_thread_in_native, id=2392, stack(0x0000002dea200000,0x0000002dea300000)]
  0x000001b6fd05a730 JavaThread "Thread-1" daemon [_thread_in_native, id=6968, stack(0x0000002dea600000,0x0000002dea700000)]
  0x000001b6fd05d700 JavaThread "JavaFX-Launcher" [_thread_blocked, id=10408, stack(0x0000002dea700000,0x0000002dea800000)]
  0x000001b6fd05b720 JavaThread "mysql-cj-abandoned-connection-cleanup" daemon [_thread_blocked, id=5476, stack(0x0000002dea800000,0x0000002dea900000)]

Other Threads:
  0x000001b6ed321770 VMThread "VM Thread" [stack: 0x0000002de9000000,0x0000002de9100000] [id=8488]
  0x000001b6fd66edb0 WatcherThread "VM Periodic Task Thread" [stack: 0x0000002de9d00000,0x0000002de9e00000] [id=11100]
  0x000001b6ed2a0d70 WorkerThread "GC Thread#0" [stack: 0x0000002de8b00000,0x0000002de8c00000] [id=1292]
  0x000001b6fd6d01e0 WorkerThread "GC Thread#1" [stack: 0x0000002de9a00000,0x0000002de9b00000] [id=9404]
  0x000001b6fd6d04b0 WorkerThread "GC Thread#2" [stack: 0x0000002de9e00000,0x0000002de9f00000] [id=7456]
  0x000001b6fd740750 WorkerThread "GC Thread#3" [stack: 0x0000002de9f00000,0x0000002dea000000] [id=7472]
  0x000001b6ed2aab00 ConcurrentGCThread "G1 Main Marker" [stack: 0x0000002de8c00000,0x0000002de8d00000] [id=3228]
  0x000001b6ed2ac3f0 WorkerThread "G1 Conc#0" [stack: 0x0000002de8d00000,0x0000002de8e00000] [id=224]
  0x000001b6ed2fee30 ConcurrentGCThread "G1 Refine#0" [stack: 0x0000002de8e00000,0x0000002de8f00000] [id=8988]
  0x000001b6ed3007f0 ConcurrentGCThread "G1 Service" [stack: 0x0000002de8f00000,0x0000002de9000000] [id=9048]

Threads with active compile tasks:
C2 CompilerThread0     3913 1651       4       sun.security.ec.ECOperations$PointMultiplier::lookup (84 bytes)

VM state: not at safepoint (normal execution)

VM Mutex/Monitor currently owned by a thread: None

Heap address: 0x00000000c1200000, size: 1006 MB, Compressed Oops mode: 32-bit

CDS archive(s) mapped at: [0x000001b68f000000-0x000001b68fc60000-0x000001b68fc60000), size 12976128, SharedBaseAddress: 0x000001b68f000000, ArchiveRelocationMode: 1.
Compressed class space mapped at: 0x000001b690000000-0x000001b6d0000000, reserved size: 1073741824
Narrow klass base: 0x000001b68f000000, Narrow klass shift: 0, Narrow klass range: 0x100000000

GC Precious Log:
 CardTable entry size: 512
 Card Set container configuration: InlinePtr #cards 5 size 8 Array Of Cards #cards 12 size 40 Howl #buckets 4 coarsen threshold 1843 Howl Bitmap #cards 512 size 80 coarsen threshold 460 Card regions per heap region 1 cards per card region 2048
 CPUs: 4 total, 4 available
 Memory: 4017M
 Large Page Support: Disabled
 NUMA Support: Disabled
 Compressed Oops: Enabled (32-bit)
 Heap Region Size: 1M
 Heap Min Capacity: 8M
 Heap Initial Capacity: 64M
 Heap Max Capacity: 1006M
 Pre-touch: Disabled
 Parallel Workers: 4
 Concurrent Workers: 1
 Concurrent Refinement Workers: 4
 Periodic GC: Disabled

Heap:
 garbage-first heap   total 65536K, used 11086K [0x00000000c1200000, 0x0000000100000000)
  region size 1024K, 10 young (10240K), 3 survivors (3072K)
 Metaspace       used 13553K, committed 13760K, reserved 1114112K
  class space    used 1556K, committed 1664K, reserved 1048576K

Heap Regions: E=young(eden), S=young(survivor), O=old, HS=humongous(starts), HC=humongous(continues), CS=collection set, F=free, OA=open archive, CA=closed archive, TAMS=top-at-mark-start, PB=parsable bottom
|   0|0x00000000c1200000, 0x00000000c1300000, 0x00000000c1300000|100%| O|  |TAMS 0x00000000c1200000| PB 0x00000000c1200000| Untracked 
|   1|0x00000000c1300000, 0x00000000c13dec00, 0x00000000c1400000| 87%| O|  |TAMS 0x00000000c1300000| PB 0x00000000c1300000| Untracked 
|   2|0x00000000c1400000, 0x00000000c1400000, 0x00000000c1500000|  0%| F|  |TAMS 0x00000000c1400000| PB 0x00000000c1400000| Untracked 
|   3|0x00000000c1500000, 0x00000000c1500000, 0x00000000c1600000|  0%| F|  |TAMS 0x00000000c1500000| PB 0x00000000c1500000| Untracked 
|   4|0x00000000c1600000, 0x00000000c1600000, 0x00000000c1700000|  0%| F|  |TAMS 0x00000000c1600000| PB 0x00000000c1600000| Untracked 
|   5|0x00000000c1700000, 0x00000000c1700000, 0x00000000c1800000|  0%| F|  |TAMS 0x00000000c1700000| PB 0x00000000c1700000| Untracked 
|   6|0x00000000c1800000, 0x00000000c1800000, 0x00000000c1900000|  0%| F|  |TAMS 0x00000000c1800000| PB 0x00000000c1800000| Untracked 
|   7|0x00000000c1900000, 0x00000000c1900000, 0x00000000c1a00000|  0%| F|  |TAMS 0x00000000c1900000| PB 0x00000000c1900000| Untracked 
|   8|0x00000000c1a00000, 0x00000000c1a00000, 0x00000000c1b00000|  0%| F|  |TAMS 0x00000000c1a00000| PB 0x00000000c1a00000| Untracked 
|   9|0x00000000c1b00000, 0x00000000c1b00000, 0x00000000c1c00000|  0%| F|  |TAMS 0x00000000c1b00000| PB 0x00000000c1b00000| Untracked 
|  10|0x00000000c1c00000, 0x00000000c1c00000, 0x00000000c1d00000|  0%| F|  |TAMS 0x00000000c1c00000| PB 0x00000000c1c00000| Untracked 
|  11|0x00000000c1d00000, 0x00000000c1d00000, 0x00000000c1e00000|  0%| F|  |TAMS 0x00000000c1d00000| PB 0x00000000c1d00000| Untracked 
|  12|0x00000000c1e00000, 0x00000000c1e00000, 0x00000000c1f00000|  0%| F|  |TAMS 0x00000000c1e00000| PB 0x00000000c1e00000| Untracked 
|  13|0x00000000c1f00000, 0x00000000c1f00000, 0x00000000c2000000|  0%| F|  |TAMS 0x00000000c1f00000| PB 0x00000000c1f00000| Untracked 
|  14|0x00000000c2000000, 0x00000000c2000000, 0x00000000c2100000|  0%| F|  |TAMS 0x00000000c2000000| PB 0x00000000c2000000| Untracked 
|  15|0x00000000c2100000, 0x00000000c2100000, 0x00000000c2200000|  0%| F|  |TAMS 0x00000000c2100000| PB 0x00000000c2100000| Untracked 
|  16|0x00000000c2200000, 0x00000000c2200000, 0x00000000c2300000|  0%| F|  |TAMS 0x00000000c2200000| PB 0x00000000c2200000| Untracked 
|  17|0x00000000c2300000, 0x00000000c2300000, 0x00000000c2400000|  0%| F|  |TAMS 0x00000000c2300000| PB 0x00000000c2300000| Untracked 
|  18|0x00000000c2400000, 0x00000000c2400000, 0x00000000c2500000|  0%| F|  |TAMS 0x00000000c2400000| PB 0x00000000c2400000| Untracked 
|  19|0x00000000c2500000, 0x00000000c2500000, 0x00000000c2600000|  0%| F|  |TAMS 0x00000000c2500000| PB 0x00000000c2500000| Untracked 
|  20|0x00000000c2600000, 0x00000000c2600000, 0x00000000c2700000|  0%| F|  |TAMS 0x00000000c2600000| PB 0x00000000c2600000| Untracked 
|  21|0x00000000c2700000, 0x00000000c2700000, 0x00000000c2800000|  0%| F|  |TAMS 0x00000000c2700000| PB 0x00000000c2700000| Untracked 
|  22|0x00000000c2800000, 0x00000000c2800000, 0x00000000c2900000|  0%| F|  |TAMS 0x00000000c2800000| PB 0x00000000c2800000| Untracked 
|  23|0x00000000c2900000, 0x00000000c2900000, 0x00000000c2a00000|  0%| F|  |TAMS 0x00000000c2900000| PB 0x00000000c2900000| Untracked 
|  24|0x00000000c2a00000, 0x00000000c2a00000, 0x00000000c2b00000|  0%| F|  |TAMS 0x00000000c2a00000| PB 0x00000000c2a00000| Untracked 
|  25|0x00000000c2b00000, 0x00000000c2b00000, 0x00000000c2c00000|  0%| F|  |TAMS 0x00000000c2b00000| PB 0x00000000c2b00000| Untracked 
|  26|0x00000000c2c00000, 0x00000000c2c00000, 0x00000000c2d00000|  0%| F|  |TAMS 0x00000000c2c00000| PB 0x00000000c2c00000| Untracked 
|  27|0x00000000c2d00000, 0x00000000c2d00000, 0x00000000c2e00000|  0%| F|  |TAMS 0x00000000c2d00000| PB 0x00000000c2d00000| Untracked 
|  28|0x00000000c2e00000, 0x00000000c2e00000, 0x00000000c2f00000|  0%| F|  |TAMS 0x00000000c2e00000| PB 0x00000000c2e00000| Untracked 
|  29|0x00000000c2f00000, 0x00000000c2f00000, 0x00000000c3000000|  0%| F|  |TAMS 0x00000000c2f00000| PB 0x00000000c2f00000| Untracked 
|  30|0x00000000c3000000, 0x00000000c3000000, 0x00000000c3100000|  0%| F|  |TAMS 0x00000000c3000000| PB 0x00000000c3000000| Untracked 
|  31|0x00000000c3100000, 0x00000000c3100000, 0x00000000c3200000|  0%| F|  |TAMS 0x00000000c3100000| PB 0x00000000c3100000| Untracked 
|  32|0x00000000c3200000, 0x00000000c3200000, 0x00000000c3300000|  0%| F|  |TAMS 0x00000000c3200000| PB 0x00000000c3200000| Untracked 
|  33|0x00000000c3300000, 0x00000000c3300000, 0x00000000c3400000|  0%| F|  |TAMS 0x00000000c3300000| PB 0x00000000c3300000| Untracked 
|  34|0x00000000c3400000, 0x00000000c3400000, 0x00000000c3500000|  0%| F|  |TAMS 0x00000000c3400000| PB 0x00000000c3400000| Untracked 
|  35|0x00000000c3500000, 0x00000000c3500000, 0x00000000c3600000|  0%| F|  |TAMS 0x00000000c3500000| PB 0x00000000c3500000| Untracked 
|  36|0x00000000c3600000, 0x00000000c3600000, 0x00000000c3700000|  0%| F|  |TAMS 0x00000000c3600000| PB 0x00000000c3600000| Untracked 
|  37|0x00000000c3700000, 0x00000000c3700000, 0x00000000c3800000|  0%| F|  |TAMS 0x00000000c3700000| PB 0x00000000c3700000| Untracked 
|  38|0x00000000c3800000, 0x00000000c3800000, 0x00000000c3900000|  0%| F|  |TAMS 0x00000000c3800000| PB 0x00000000c3800000| Untracked 
|  39|0x00000000c3900000, 0x00000000c3900000, 0x00000000c3a00000|  0%| F|  |TAMS 0x00000000c3900000| PB 0x00000000c3900000| Untracked 
|  40|0x00000000c3a00000, 0x00000000c3a00000, 0x00000000c3b00000|  0%| F|  |TAMS 0x00000000c3a00000| PB 0x00000000c3a00000| Untracked 
|  41|0x00000000c3b00000, 0x00000000c3b00000, 0x00000000c3c00000|  0%| F|  |TAMS 0x00000000c3b00000| PB 0x00000000c3b00000| Untracked 
|  42|0x00000000c3c00000, 0x00000000c3cf4d00, 0x00000000c3d00000| 95%| S|CS|TAMS 0x00000000c3c00000| PB 0x00000000c3c00000| Complete 
|  43|0x00000000c3d00000, 0x00000000c3e00000, 0x00000000c3e00000|100%| S|CS|TAMS 0x00000000c3d00000| PB 0x00000000c3d00000| Complete 
|  44|0x00000000c3e00000, 0x00000000c3f00000, 0x00000000c3f00000|100%| S|CS|TAMS 0x00000000c3e00000| PB 0x00000000c3e00000| Complete 
|  45|0x00000000c3f00000, 0x00000000c3f00000, 0x00000000c4000000|  0%| F|  |TAMS 0x00000000c3f00000| PB 0x00000000c3f00000| Untracked 
|  46|0x00000000c4000000, 0x00000000c4000000, 0x00000000c4100000|  0%| F|  |TAMS 0x00000000c4000000| PB 0x00000000c4000000| Untracked 
|  47|0x00000000c4100000, 0x00000000c4100000, 0x00000000c4200000|  0%| F|  |TAMS 0x00000000c4100000| PB 0x00000000c4100000| Untracked 
|  48|0x00000000c4200000, 0x00000000c4200000, 0x00000000c4300000|  0%| F|  |TAMS 0x00000000c4200000| PB 0x00000000c4200000| Untracked 
|  49|0x00000000c4300000, 0x00000000c4300000, 0x00000000c4400000|  0%| F|  |TAMS 0x00000000c4300000| PB 0x00000000c4300000| Untracked 
|  50|0x00000000c4400000, 0x00000000c4400000, 0x00000000c4500000|  0%| F|  |TAMS 0x00000000c4400000| PB 0x00000000c4400000| Untracked 
|  51|0x00000000c4500000, 0x00000000c4500000, 0x00000000c4600000|  0%| F|  |TAMS 0x00000000c4500000| PB 0x00000000c4500000| Untracked 
|  52|0x00000000c4600000, 0x00000000c4600000, 0x00000000c4700000|  0%| F|  |TAMS 0x00000000c4600000| PB 0x00000000c4600000| Untracked 
|  53|0x00000000c4700000, 0x00000000c4700000, 0x00000000c4800000|  0%| F|  |TAMS 0x00000000c4700000| PB 0x00000000c4700000| Untracked 
|  54|0x00000000c4800000, 0x00000000c4800000, 0x00000000c4900000|  0%| F|  |TAMS 0x00000000c4800000| PB 0x00000000c4800000| Untracked 
|  55|0x00000000c4900000, 0x00000000c4900000, 0x00000000c4a00000|  0%| F|  |TAMS 0x00000000c4900000| PB 0x00000000c4900000| Untracked 
|  56|0x00000000c4a00000, 0x00000000c4a00000, 0x00000000c4b00000|  0%| F|  |TAMS 0x00000000c4a00000| PB 0x00000000c4a00000| Untracked 
|  57|0x00000000c4b00000, 0x00000000c4b224a0, 0x00000000c4c00000| 13%| E|  |TAMS 0x00000000c4b00000| PB 0x00000000c4b00000| Complete 
|  58|0x00000000c4c00000, 0x00000000c4d00000, 0x00000000c4d00000|100%| E|CS|TAMS 0x00000000c4c00000| PB 0x00000000c4c00000| Complete 
|  59|0x00000000c4d00000, 0x00000000c4e00000, 0x00000000c4e00000|100%| E|CS|TAMS 0x00000000c4d00000| PB 0x00000000c4d00000| Complete 
|  60|0x00000000c4e00000, 0x00000000c4f00000, 0x00000000c4f00000|100%| E|CS|TAMS 0x00000000c4e00000| PB 0x00000000c4e00000| Complete 
|  61|0x00000000c4f00000, 0x00000000c5000000, 0x00000000c5000000|100%| E|CS|TAMS 0x00000000c4f00000| PB 0x00000000c4f00000| Complete 
|  62|0x00000000c5000000, 0x00000000c5100000, 0x00000000c5100000|100%| E|CS|TAMS 0x00000000c5000000| PB 0x00000000c5000000| Complete 
|  63|0x00000000c5100000, 0x00000000c5200000, 0x00000000c5200000|100%| E|CS|TAMS 0x00000000c5100000| PB 0x00000000c5100000| Complete 

Card table byte_map: [0x000001b6f5530000,0x000001b6f5730000] _byte_map_base: 0x000001b6f4f27000

Marking Bits: (CMBitMap*) 0x000001b6ed2a22c0
 Bits: [0x000001b6f5930000, 0x000001b6f68e8000)

Polling page: 0x000001b6eb190000

Metaspace:

Usage:
  Non-class:     11.72 MB used.
      Class:      1.52 MB used.
       Both:     13.24 MB used.

Virtual space:
  Non-class space:       64.00 MB reserved,      11.81 MB ( 18%) committed,  1 nodes.
      Class space:        1.00 GB reserved,       1.62 MB ( <1%) committed,  1 nodes.
             Both:        1.06 GB reserved,      13.44 MB (  1%) committed. 

Chunk freelists:
   Non-Class:  80.00 KB
       Class:  2.25 MB
        Both:  2.33 MB

MaxMetaspaceSize: unlimited
CompressedClassSpaceSize: 1.00 GB
Initial GC threshold: 21.00 MB
Current GC threshold: 21.00 MB
CDS: on
MetaspaceReclaimPolicy: balanced
 - commit_granule_bytes: 65536.
 - commit_granule_words: 8192.
 - virtual_space_node_default_size: 8388608.
 - enlarge_chunks_in_place: 1.
 - new_chunks_are_fully_committed: 0.
 - uncommit_free_chunks: 1.
 - use_allocation_guard: 0.


Internal statistics:

num_allocs_failed_limit: 0.
num_arena_births: 178.
num_arena_deaths: 0.
num_vsnodes_births: 2.
num_vsnodes_deaths: 0.
num_space_committed: 215.
num_space_uncommitted: 0.
num_chunks_returned_to_freelist: 0.
num_chunks_taken_from_freelist: 446.
num_chunk_merges: 0.
num_chunk_splits: 309.
num_chunks_enlarged: 225.
num_inconsistent_stats: 0.

CodeHeap 'non-profiled nmethods': size=120000Kb used=618Kb max_used=618Kb free=119381Kb
 bounds [0x000001b687ad0000, 0x000001b687d40000, 0x000001b68f000000]
CodeHeap 'profiled nmethods': size=120000Kb used=2847Kb max_used=2847Kb free=117152Kb
 bounds [0x000001b680000000, 0x000001b6802d0000, 0x000001b687530000]
CodeHeap 'non-nmethods': size=5760Kb used=1624Kb max_used=1640Kb free=4135Kb
 bounds [0x000001b687530000, 0x000001b6877a0000, 0x000001b687ad0000]
 total_blobs=2269 nmethods=1647 adapters=532
 compilation: enabled
              stopped_count=0, restarted_count=0
 full_count=0

Compilation events (20 events):
Event: 3.741 Thread 0x000001b6f8d71910 1650       2       sun.security.util.math.intpoly.IntegerPolynomial::get0 (5 bytes)
Event: 3.741 Thread 0x000001b6f8d71910 nmethod 1650 0x000001b6802c7090 code [0x000001b6802c7220, 0x000001b6802c73a8]
Event: 3.747 Thread 0x000001b6f8d6ebd0 nmethod 1625 0x000001b687b67910 code [0x000001b687b67aa0, 0x000001b687b68568]
Event: 3.747 Thread 0x000001b6f8d6ebd0 1624       4       sun.security.util.math.intpoly.IntegerPolynomial$MutableElement::setValue (60 bytes)
Event: 3.749 Thread 0x000001b6f8d6ebd0 nmethod 1624 0x000001b687b68790 code [0x000001b687b68900, 0x000001b687b68a68]
Event: 3.749 Thread 0x000001b6f8d6ebd0 1621       4       sun.security.util.math.intpoly.IntegerPolynomial$MutableElement::setValue (6 bytes)
Event: 3.752 Thread 0x000001b6f8d6ebd0 nmethod 1621 0x000001b687b68b90 code [0x000001b687b68d00, 0x000001b687b68e68]
Event: 3.752 Thread 0x000001b6f8d6ebd0 1630       4       sun.security.util.math.intpoly.IntegerPolynomial$MutableElement::conditionalSet (53 bytes)
Event: 3.759 Thread 0x000001b6f8d6ebd0 nmethod 1630 0x000001b687b69010 code [0x000001b687b69180, 0x000001b687b69418]
Event: 3.760 Thread 0x000001b6f8d6ebd0 1639       4       sun.security.util.math.intpoly.IntegerPolynomial$MutableElement::setDifference (6 bytes)
Event: 3.770 Thread 0x000001b6f8d6ebd0 nmethod 1639 0x000001b687b69590 code [0x000001b687b69700, 0x000001b687b699c0]
Event: 3.770 Thread 0x000001b6f8d6ebd0 1609       4       sun.security.util.math.intpoly.IntegerPolynomialP256::carryReduce (454 bytes)
Event: 3.773 Thread 0x000001b6f8d6ebd0 nmethod 1609 0x000001b687b69b90 code [0x000001b687b69d00, 0x000001b687b69fd8]
Event: 3.773 Thread 0x000001b6f8d6ebd0 1636       4       sun.security.util.math.intpoly.IntegerPolynomial$MutableElement::setProduct (58 bytes)
Event: 3.785 Thread 0x000001b6f8d6ebd0 nmethod 1636 0x000001b687b6a110 code [0x000001b687b6a2c0, 0x000001b687b6a6e0]
Event: 3.785 Thread 0x000001b6f8d6ebd0 1651       4       sun.security.ec.ECOperations$PointMultiplier::lookup (84 bytes)
Event: 3.796 Thread 0x000001b6f8d71910 1653       3       sun.security.ec.ECOperations$PointMultiplier$Secp256R1GeneratorMultiplier::bit (13 bytes)
Event: 3.797 Thread 0x000001b6f8d71910 nmethod 1653 0x000001b6802c7490 code [0x000001b6802c7620, 0x000001b6802c7748]
Event: 3.802 Thread 0x000001b6f8d71910 1654       3       java.io.ByteArrayOutputStream::ensureCapacity (32 bytes)
Event: 3.803 Thread 0x000001b6f8d71910 nmethod 1654 0x000001b6802c7810 code [0x000001b6802c79c0, 0x000001b6802c7d70]

GC Heap History (4 events):
Event: 1.012 GC heap before
{Heap before GC invocations=0 (full 0):
 garbage-first heap   total 65536K, used 12288K [0x00000000c1200000, 0x0000000100000000)
  region size 1024K, 13 young (13312K), 0 survivors (0K)
 Metaspace       used 2516K, committed 2624K, reserved 1114112K
  class space    used 265K, committed 320K, reserved 1048576K
}
Event: 1.019 GC heap after
{Heap after GC invocations=1 (full 0):
 garbage-first heap   total 65536K, used 2026K [0x00000000c1200000, 0x0000000100000000)
  region size 1024K, 2 young (2048K), 2 survivors (2048K)
 Metaspace       used 2516K, committed 2624K, reserved 1114112K
  class space    used 265K, committed 320K, reserved 1048576K
}
Event: 2.513 GC heap before
{Heap before GC invocations=1 (full 0):
 garbage-first heap   total 65536K, used 18410K [0x00000000c1200000, 0x0000000100000000)
  region size 1024K, 19 young (19456K), 2 survivors (2048K)
 Metaspace       used 9050K, committed 9280K, reserved 1114112K
  class space    used 1038K, committed 1152K, reserved 1048576K
}
Event: 2.521 GC heap after
{Heap after GC invocations=2 (full 0):
 garbage-first heap   total 65536K, used 4942K [0x00000000c1200000, 0x0000000100000000)
  region size 1024K, 3 young (3072K), 3 survivors (3072K)
 Metaspace       used 9050K, committed 9280K, reserved 1114112K
  class space    used 1038K, committed 1152K, reserved 1048576K
}

Dll operation events (20 events):
Event: 0.963 Loaded shared library C:\Users\charl\.openjfx\cache\20.0.1+2\amd64\api-ms-win-crt-locale-l1-1-0.dll
Event: 0.970 Loaded shared library C:\Users\charl\.openjfx\cache\20.0.1+2\amd64\api-ms-win-crt-math-l1-1-0.dll
Event: 0.978 Loaded shared library C:\Users\charl\.openjfx\cache\20.0.1+2\amd64\api-ms-win-crt-multibyte-l1-1-0.dll
Event: 0.985 Loaded shared library C:\Users\charl\.openjfx\cache\20.0.1+2\amd64\api-ms-win-crt-private-l1-1-0.dll
Event: 0.992 Loaded shared library C:\Users\charl\.openjfx\cache\20.0.1+2\amd64\api-ms-win-crt-process-l1-1-0.dll
Event: 1.000 Loaded shared library C:\Users\charl\.openjfx\cache\20.0.1+2\amd64\api-ms-win-crt-runtime-l1-1-0.dll
Event: 1.009 Loaded shared library C:\Users\charl\.openjfx\cache\20.0.1+2\amd64\api-ms-win-crt-stdio-l1-1-0.dll
Event: 1.023 Loaded shared library C:\Users\charl\.openjfx\cache\20.0.1+2\amd64\api-ms-win-crt-string-l1-1-0.dll
Event: 1.030 Loaded shared library C:\Users\charl\.openjfx\cache\20.0.1+2\amd64\api-ms-win-crt-time-l1-1-0.dll
Event: 1.036 Loaded shared library C:\Users\charl\.openjfx\cache\20.0.1+2\amd64\api-ms-win-crt-utility-l1-1-0.dll
Event: 1.072 Loaded shared library C:\Users\charl\.openjfx\cache\20.0.1+2\amd64\ucrtbase.dll
Event: 1.083 Loaded shared library C:\Users\charl\.openjfx\cache\20.0.1+2\amd64\vcruntime140.dll
Event: 1.090 Loaded shared library C:\Users\charl\.openjfx\cache\20.0.1+2\amd64\vcruntime140_1.dll
Event: 1.112 Loaded shared library C:\Users\charl\.openjfx\cache\20.0.1+2\amd64\msvcp140.dll
Event: 1.124 Loaded shared library C:\Users\charl\.openjfx\cache\20.0.1+2\amd64\msvcp140_1.dll
Event: 1.139 Loaded shared library C:\Users\charl\.openjfx\cache\20.0.1+2\amd64\msvcp140_2.dll
Event: 1.280 Loaded shared library C:\Users\charl\.openjfx\cache\20.0.1+2\amd64\prism_d3d.dll
Event: 1.381 Loaded shared library C:\Users\charl\.jdks\openjdk-20.0.2\bin\jimage.dll
Event: 1.502 Loaded shared library C:\Users\charl\.openjfx\cache\20.0.1+2\amd64\glass.dll
Event: 2.788 Loaded shared library C:\Users\charl\.jdks\openjdk-20.0.2\bin\sunmscapi.dll

Deoptimization events (20 events):
Event: 2.819 Thread 0x000001b6fd05cc60 Uncommon trap: trap_request=0xffffffde fr.pc=0x000001b687b4e520 relative=0x0000000000000260
Event: 2.819 Thread 0x000001b6fd05cc60 Uncommon trap: reason=class_check action=maybe_recompile pc=0x000001b687b4e520 method=java.util.HashMap.getNode(Ljava/lang/Object;)Ljava/util/HashMap$Node; @ 128 c2
Event: 2.819 Thread 0x000001b6fd05cc60 DEOPT PACKING pc=0x000001b687b4e520 sp=0x0000002dea2fb530
Event: 2.819 Thread 0x000001b6fd05cc60 DEOPT UNPACKING pc=0x000001b687599d22 sp=0x0000002dea2fb498 mode 2
Event: 2.966 Thread 0x000001b6fd05cc60 Uncommon trap: trap_request=0xffffff45 fr.pc=0x000001b687b0f7ac relative=0x00000000000000ac
Event: 2.966 Thread 0x000001b6fd05cc60 Uncommon trap: reason=unstable_if action=reinterpret pc=0x000001b687b0f7ac method=jdk.internal.misc.Unsafe.convEndian(ZI)I @ 4 c2
Event: 2.966 Thread 0x000001b6fd05cc60 DEOPT PACKING pc=0x000001b687b0f7ac sp=0x0000002dea2fb5e0
Event: 2.966 Thread 0x000001b6fd05cc60 DEOPT UNPACKING pc=0x000001b687599d22 sp=0x0000002dea2fb490 mode 2
Event: 2.966 Thread 0x000001b6fd05cc60 Uncommon trap: trap_request=0xffffff45 fr.pc=0x000001b687b13cc4 relative=0x0000000000000044
Event: 2.966 Thread 0x000001b6fd05cc60 Uncommon trap: reason=unstable_if action=reinterpret pc=0x000001b687b13cc4 method=jdk.internal.misc.Unsafe.convEndian(ZI)I @ 4 c2
Event: 2.966 Thread 0x000001b6fd05cc60 DEOPT PACKING pc=0x000001b687b13cc4 sp=0x0000002dea2fb4f0
Event: 2.966 Thread 0x000001b6fd05cc60 DEOPT UNPACKING pc=0x000001b687599d22 sp=0x0000002dea2fb488 mode 2
Event: 3.490 Thread 0x000001b6fd05cc60 Uncommon trap: trap_request=0xffffff45 fr.pc=0x000001b687b54d3c relative=0x000000000000041c
Event: 3.490 Thread 0x000001b6fd05cc60 Uncommon trap: reason=unstable_if action=reinterpret pc=0x000001b687b54d3c method=java.util.HashMap.putVal(ILjava/lang/Object;Ljava/lang/Object;ZZ)Ljava/lang/Object; @ 162 c2
Event: 3.490 Thread 0x000001b6fd05cc60 DEOPT PACKING pc=0x000001b687b54d3c sp=0x0000002dea2fa610
Event: 3.490 Thread 0x000001b6fd05cc60 DEOPT UNPACKING pc=0x000001b687599d22 sp=0x0000002dea2fa558 mode 2
Event: 3.539 Thread 0x000001b6fd05cc60 Uncommon trap: trap_request=0xffffff45 fr.pc=0x000001b687b5ba5c relative=0x0000000000000b3c
Event: 3.539 Thread 0x000001b6fd05cc60 Uncommon trap: reason=unstable_if action=reinterpret pc=0x000001b687b5ba5c method=java.util.regex.Pattern$SliceI.match(Ljava/util/regex/Matcher;ILjava/lang/CharSequence;)Z @ 29 c2
Event: 3.539 Thread 0x000001b6fd05cc60 DEOPT PACKING pc=0x000001b687b5ba5c sp=0x0000002dea2fc300
Event: 3.539 Thread 0x000001b6fd05cc60 DEOPT UNPACKING pc=0x000001b687599d22 sp=0x0000002dea2fc188 mode 2

Classes loaded (20 events):
Event: 3.638 Loading class sun/security/util/math/intpoly/P384OrderField
Event: 3.639 Loading class sun/security/util/math/intpoly/P384OrderField done
Event: 3.639 Loading class sun/security/util/math/intpoly/P521OrderField
Event: 3.640 Loading class sun/security/util/math/intpoly/P521OrderField done
Event: 3.647 Loading class sun/security/util/ArrayUtil
Event: 3.647 Loading class sun/security/util/ArrayUtil done
Event: 3.652 Loading class sun/security/util/math/IntegerModuloP$MultiplicativeInverser$Secp256R1
Event: 3.652 Loading class sun/security/util/math/IntegerModuloP$MultiplicativeInverser$Secp256R1 done
Event: 3.797 Loading class java/security/interfaces/ECPrivateKey
Event: 3.797 Loading class java/security/interfaces/ECPrivateKey done
Event: 3.800 Loading class java/security/interfaces/ECPublicKey
Event: 3.800 Loading class java/security/interfaces/ECPublicKey done
Event: 3.801 Loading class sun/security/ssl/KeyShareExtension$CHKeyShareSpec
Event: 3.802 Loading class sun/security/ssl/KeyShareExtension$CHKeyShareSpec done
Event: 3.802 Loading class sun/security/ssl/RenegoInfoExtension$RenegotiationInfoSpec
Event: 3.802 Loading class sun/security/ssl/RenegoInfoExtension$RenegotiationInfoSpec done
Event: 3.803 Loading class sun/security/ssl/OutputRecord$T13PaddingHolder
Event: 3.803 Loading class sun/security/ssl/OutputRecord$T13PaddingHolder done
Event: 3.803 Loading class sun/security/ssl/ContentType
Event: 3.803 Loading class sun/security/ssl/ContentType done

Classes unloaded (0 events):
No events

Classes redefined (0 events):
No events

Internal exceptions (20 events):
Event: 1.514 Thread 0x000001b6ed25f890 Exception <a 'java/lang/NoSuchMethodError'{0x00000000c4dc23a8}: 'java.lang.Object java.lang.invoke.DirectMethodHandle$Holder.newInvokeSpecial(java.lang.Object, java.lang.Object, int, java.lang.Object)'> (0x00000000c4dc23a8) 
thrown [s\open\src\hotspot\share\interpreter\linkResolver.cpp, line 773]
Event: 1.515 Thread 0x000001b6ed25f890 Exception <a 'java/lang/NoSuchMethodError'{0x00000000c4dc6500}: 'java.lang.Object java.lang.invoke.DirectMethodHandle$Holder.invokeSpecial(java.lang.Object, java.lang.Object, java.lang.Object, int, java.lang.Object)'> (0x00000000c4dc6500) 
thrown [s\open\src\hotspot\share\interpreter\linkResolver.cpp, line 773]
Event: 1.802 Thread 0x000001b6fd05cc60 Exception <a 'java/lang/NoSuchMethodError'{0x00000000c4a1ed68}: 'void java.lang.invoke.DirectMethodHandle$Holder.invokeStaticInit(java.lang.Object)'> (0x00000000c4a1ed68) 
thrown [s\open\src\hotspot\share\interpreter\linkResolver.cpp, line 773]
Event: 1.815 Thread 0x000001b6ed25f890 Exception <a 'java/lang/NoSuchMethodError'{0x00000000c4dda750}: 'java.lang.Object java.lang.invoke.DirectMethodHandle$Holder.newInvokeSpecial(java.lang.Object, java.lang.Object, java.lang.Object, java.lang.Object, java.lang.Object, java.lang.Object)'> (0x00000000c4dda750) 
thrown [s\open\src\hotspot\share\interpreter\linkResolver.cpp, line 773]
Event: 1.864 Thread 0x000001b6ed25f890 Exception <a 'java/lang/NoSuchMethodError'{0x00000000c4aeb090}: 'java.lang.Object java.lang.invoke.DirectMethodHandle$Holder.newInvokeSpecial(java.lang.Object, java.lang.Object, java.lang.Object, java.lang.Object, java.lang.Object)'> (0x00000000c4aeb090) 
thrown [s\open\src\hotspot\share\interpreter\linkResolver.cpp, line 773]
Event: 1.976 Thread 0x000001b6fd05cc60 Exception <a 'sun/nio/fs/WindowsException'{0x00000000c4643198}> (0x00000000c4643198) 
thrown [s\open\src\hotspot\share\prims\jni.cpp, line 519]
Event: 2.074 Thread 0x000001b6fd05cc60 Exception <a 'sun/nio/fs/WindowsException'{0x00000000c4546ee0}> (0x00000000c4546ee0) 
thrown [s\open\src\hotspot\share\prims\jni.cpp, line 519]
Event: 2.125 Thread 0x000001b6fd05cc60 Exception <a 'sun/nio/fs/WindowsException'{0x00000000c45ed808}> (0x00000000c45ed808) 
thrown [s\open\src\hotspot\share\prims\jni.cpp, line 519]
Event: 2.128 Thread 0x000001b6fd05cc60 Exception <a 'sun/nio/fs/WindowsException'{0x00000000c45f1a08}> (0x00000000c45f1a08) 
thrown [s\open\src\hotspot\share\prims\jni.cpp, line 519]
Event: 2.229 Thread 0x000001b6fd05cc60 Exception <a 'sun/nio/fs/WindowsException'{0x00000000c424e2a8}> (0x00000000c424e2a8) 
thrown [s\open\src\hotspot\share\prims\jni.cpp, line 519]
Event: 2.246 Thread 0x000001b6fd05cc60 Exception <a 'sun/nio/fs/WindowsException'{0x00000000c424fb20}> (0x00000000c424fb20) 
thrown [s\open\src\hotspot\share\prims\jni.cpp, line 519]
Event: 2.274 Thread 0x000001b6fd05cc60 Exception <a 'java/lang/NoSuchMethodError'{0x00000000c42618b0}: 'java.lang.Object java.lang.invoke.DirectMethodHandle$Holder.invokeVirtual(java.lang.Object, java.lang.Object, java.lang.Object)'> (0x00000000c42618b0) 
thrown [s\open\src\hotspot\share\interpreter\linkResolver.cpp, line 773]
Event: 2.427 Thread 0x000001b6fd05cc60 Exception <a 'sun/nio/fs/WindowsException'{0x00000000c3f5cfe0}> (0x00000000c3f5cfe0) 
thrown [s\open\src\hotspot\share\prims\jni.cpp, line 519]
Event: 2.759 Thread 0x000001b6fd05cc60 Exception <a 'sun/nio/fs/WindowsException'{0x00000000c4f2aa40}> (0x00000000c4f2aa40) 
thrown [s\open\src\hotspot\share\prims\jni.cpp, line 519]
Event: 2.761 Thread 0x000001b6fd05cc60 Exception <a 'java/lang/NoSuchMethodError'{0x00000000c4f329a8}: 'void java.lang.invoke.DirectMethodHandle$Holder.invokeStaticInit(java.lang.Object, java.lang.Object)'> (0x00000000c4f329a8) 
thrown [s\open\src\hotspot\share\interpreter\linkResolver.cpp, line 773]
Event: 2.875 Thread 0x000001b6fd05cc60 Exception <a 'sun/nio/fs/WindowsException'{0x00000000c4e4c160}> (0x00000000c4e4c160) 
thrown [s\open\src\hotspot\share\prims\jni.cpp, line 519]
Event: 2.888 Thread 0x000001b6fd05cc60 Exception <a 'sun/nio/fs/WindowsException'{0x00000000c4e60d68}> (0x00000000c4e60d68) 
thrown [s\open\src\hotspot\share\prims\jni.cpp, line 519]
Event: 2.956 Thread 0x000001b6fd05cc60 Exception <a 'java/lang/NoSuchMethodError'{0x00000000c4efd0d0}: 'java.lang.Object java.lang.invoke.DirectMethodHandle$Holder.invokeStaticInit(java.lang.Object, int, int, int, int)'> (0x00000000c4efd0d0) 
thrown [s\open\src\hotspot\share\interpreter\linkResolver.cpp, line 773]
Event: 3.393 Thread 0x000001b6fd05cc60 Exception <a 'java/lang/NoSuchMethodError'{0x00000000c4db2188}: 'java.lang.Object java.lang.invoke.DirectMethodHandle$Holder.invokeStaticInit(java.lang.Object, java.lang.Object, int, int, int, int)'> (0x00000000c4db2188) 
thrown [s\open\src\hotspot\share\interpreter\linkResolver.cpp, line 773]
Event: 3.531 Thread 0x000001b6fd05cc60 Exception <a 'java/lang/NoSuchMethodError'{0x00000000c4c0c560}: 'int java.lang.invoke.DirectMethodHandle$Holder.invokeSpecial(java.lang.Object, java.lang.Object, java.lang.Object)'> (0x00000000c4c0c560) 
thrown [s\open\src\hotspot\share\interpreter\linkResolver.cpp, line 773]

VM Operations (20 events):
Event: 1.461 Executing VM operation: HandshakeAllThreads
Event: 1.461 Executing VM operation: HandshakeAllThreads done
Event: 2.063 Executing VM operation: HandshakeAllThreads
Event: 2.063 Executing VM operation: HandshakeAllThreads done
Event: 2.063 Executing VM operation: Cleanup
Event: 2.063 Executing VM operation: Cleanup done
Event: 2.075 Executing VM operation: HandshakeAllThreads
Event: 2.075 Executing VM operation: HandshakeAllThreads done
Event: 2.083 Executing VM operation: HandshakeAllThreads
Event: 2.083 Executing VM operation: HandshakeAllThreads done
Event: 2.122 Executing VM operation: HandshakeAllThreads
Event: 2.122 Executing VM operation: HandshakeAllThreads done
Event: 2.256 Executing VM operation: HandshakeAllThreads
Event: 2.256 Executing VM operation: HandshakeAllThreads done
Event: 2.513 Executing VM operation: G1CollectForAllocation
Event: 2.522 Executing VM operation: G1CollectForAllocation done
Event: 2.889 Executing VM operation: HandshakeAllThreads
Event: 2.889 Executing VM operation: HandshakeAllThreads done
Event: 2.929 Executing VM operation: HandshakeAllThreads
Event: 2.929 Executing VM operation: HandshakeAllThreads done

Events (20 events):
Event: 0.065 Thread 0x000001b6ed25f890 Thread added: 0x000001b6ed25f890
Event: 0.092 Thread 0x000001b6f8d50970 Thread added: 0x000001b6f8d50970
Event: 0.093 Thread 0x000001b6f8d51f10 Thread added: 0x000001b6f8d51f10
Event: 0.093 Thread 0x000001b6f8d54f50 Thread added: 0x000001b6f8d54f50
Event: 0.093 Thread 0x000001b6f8d578a0 Thread added: 0x000001b6f8d578a0
Event: 0.094 Thread 0x000001b6f8d59190 Thread added: 0x000001b6f8d59190
Event: 0.094 Thread 0x000001b6f8d5e290 Thread added: 0x000001b6f8d5e290
Event: 0.094 Thread 0x000001b6f8d6ebd0 Thread added: 0x000001b6f8d6ebd0
Event: 0.094 Thread 0x000001b6f8d71910 Thread added: 0x000001b6f8d71910
Event: 0.141 Thread 0x000001b6fd05dc50 Thread added: 0x000001b6fd05dc50
Event: 0.236 Thread 0x000001b6fd0d97d0 Thread added: 0x000001b6fd0d97d0
Event: 0.486 Thread 0x000001b6fd05c1c0 Thread added: 0x000001b6fd05c1c0
Event: 0.487 Thread 0x000001b6fd05bc70 Thread added: 0x000001b6fd05bc70
Event: 0.928 Thread 0x000001b6fd0d97d0 Thread exited: 0x000001b6fd0d97d0
Event: 1.242 Thread 0x000001b6fd05d1b0 Thread added: 0x000001b6fd05d1b0
Event: 1.509 Thread 0x000001b6fd05c710 Thread added: 0x000001b6fd05c710
Event: 1.519 Thread 0x000001b6fd05cc60 Thread added: 0x000001b6fd05cc60
Event: 1.836 Thread 0x000001b6fd05a730 Thread added: 0x000001b6fd05a730
Event: 1.865 Thread 0x000001b6fd05d700 Thread added: 0x000001b6fd05d700
Event: 2.063 Thread 0x000001b6fd05b720 Thread added: 0x000001b6fd05b720


Dynamic libraries:
0x00007ff60d960000 - 0x00007ff60d96e000 	C:\Users\charl\.jdks\openjdk-20.0.2\bin\java.exe
0x00007ffe8bd50000 - 0x00007ffe8bf47000 	C:\Windows\SYSTEM32\ntdll.dll
0x00007ffe8af40000 - 0x00007ffe8affd000 	C:\Windows\System32\KERNEL32.DLL
0x00007ffe898f0000 - 0x00007ffe89be6000 	C:\Windows\System32\KERNELBASE.dll
0x00007ffe89690000 - 0x00007ffe89790000 	C:\Windows\System32\ucrtbase.dll
0x00007ffe85f80000 - 0x00007ffe85f9b000 	C:\Users\charl\.jdks\openjdk-20.0.2\bin\VCRUNTIME140.dll
0x00007ffe85f20000 - 0x00007ffe85f37000 	C:\Users\charl\.jdks\openjdk-20.0.2\bin\jli.dll
0x00007ffe8ab20000 - 0x00007ffe8acbe000 	C:\Windows\System32\USER32.dll
0x00007ffe895a0000 - 0x00007ffe895c2000 	C:\Windows\System32\win32u.dll
0x00007ffe8b130000 - 0x00007ffe8b15c000 	C:\Windows\System32\GDI32.dll
0x00007ffe7a300000 - 0x00007ffe7a59a000 	C:\Windows\WinSxS\amd64_microsoft.windows.common-controls_6595b64144ccf1df_6.0.19041.3570_none_60bb2a3971f3e41a\COMCTL32.dll
0x00007ffe8aa80000 - 0x00007ffe8ab1e000 	C:\Windows\System32\msvcrt.dll
0x00007ffe89430000 - 0x00007ffe8954a000 	C:\Windows\System32\gdi32full.dll
0x00007ffe89d10000 - 0x00007ffe89dad000 	C:\Windows\System32\msvcp_win.dll
0x00007ffe8a990000 - 0x00007ffe8a9c0000 	C:\Windows\System32\IMM32.DLL
0x00007ffe85f10000 - 0x00007ffe85f1c000 	C:\Users\charl\.jdks\openjdk-20.0.2\bin\vcruntime140_1.dll
0x00007ffe85e80000 - 0x00007ffe85f0e000 	C:\Users\charl\.jdks\openjdk-20.0.2\bin\msvcp140.dll
0x00007ffe38dc0000 - 0x00007ffe39a58000 	C:\Users\charl\.jdks\openjdk-20.0.2\bin\server\jvm.dll
0x00007ffe8b160000 - 0x00007ffe8b20e000 	C:\Windows\System32\ADVAPI32.dll
0x00007ffe8aea0000 - 0x00007ffe8af3c000 	C:\Windows\System32\sechost.dll
0x00007ffe8b770000 - 0x00007ffe8b896000 	C:\Windows\System32\RPCRT4.dll
0x00007ffe7a650000 - 0x00007ffe7a677000 	C:\Windows\SYSTEM32\WINMM.dll
0x00007ffe76a10000 - 0x00007ffe76a19000 	C:\Windows\SYSTEM32\WSOCK32.dll
0x00007ffe816f0000 - 0x00007ffe816fa000 	C:\Windows\SYSTEM32\VERSION.dll
0x00007ffe8a020000 - 0x00007ffe8a08b000 	C:\Windows\System32\WS2_32.dll
0x00007ffe87c60000 - 0x00007ffe87c72000 	C:\Windows\SYSTEM32\kernel.appcore.dll
0x00007ffe85e70000 - 0x00007ffe85e7a000 	C:\Users\charl\.jdks\openjdk-20.0.2\bin\jimage.dll
0x00007ffe77960000 - 0x00007ffe77b44000 	C:\Windows\SYSTEM32\DBGHELP.DLL
0x00007ffe777b0000 - 0x00007ffe777e4000 	C:\Windows\SYSTEM32\dbgcore.DLL
0x00007ffe895d0000 - 0x00007ffe89652000 	C:\Windows\System32\bcryptPrimitives.dll
0x00007ffe7f9e0000 - 0x00007ffe7f9ee000 	C:\Users\charl\.jdks\openjdk-20.0.2\bin\instrument.dll
0x00007ffe843c0000 - 0x00007ffe843e6000 	C:\Users\charl\.jdks\openjdk-20.0.2\bin\java.dll
0x00007ffe774d0000 - 0x00007ffe775a7000 	C:\Users\charl\.jdks\openjdk-20.0.2\bin\jsvml.dll
0x00007ffe8a090000 - 0x00007ffe8a7d4000 	C:\Windows\System32\SHELL32.dll
0x00007ffe874b0000 - 0x00007ffe87c4b000 	C:\Windows\SYSTEM32\windows.storage.dll
0x00007ffe8b210000 - 0x00007ffe8b564000 	C:\Windows\System32\combase.dll
0x00007ffe88e70000 - 0x00007ffe88e9d000 	C:\Windows\SYSTEM32\Wldp.dll
0x00007ffe8acc0000 - 0x00007ffe8ad6d000 	C:\Windows\System32\SHCORE.dll
0x00007ffe89ee0000 - 0x00007ffe89f35000 	C:\Windows\System32\shlwapi.dll
0x00007ffe89360000 - 0x00007ffe89385000 	C:\Windows\SYSTEM32\profapi.dll
0x00007ffe85e50000 - 0x00007ffe85e63000 	C:\Users\charl\.jdks\openjdk-20.0.2\bin\net.dll
0x00007ffe80610000 - 0x00007ffe8071a000 	C:\Windows\SYSTEM32\WINHTTP.dll
0x00007ffe88bd0000 - 0x00007ffe88c3a000 	C:\Windows\system32\mswsock.dll
0x00007ffe7fc00000 - 0x00007ffe7fc16000 	C:\Users\charl\.jdks\openjdk-20.0.2\bin\nio.dll
0x00007ffe774b0000 - 0x00007ffe774c8000 	C:\Users\charl\.jdks\openjdk-20.0.2\bin\zip.dll
0x00007ffe7f9c0000 - 0x00007ffe7f9da000 	C:\Program Files\JetBrains\IntelliJ IDEA Community Edition 2023.2.2\bin\breakgen64.dll
0x000001b6eb230000 - 0x000001b6eb233000 	C:\Users\charl\.openjfx\cache\20.0.1+2\amd64\api-ms-win-core-console-l1-1-0.dll
0x000001b6eb240000 - 0x000001b6eb243000 	C:\Users\charl\.openjfx\cache\20.0.1+2\amd64\api-ms-win-core-console-l1-2-0.dll
0x000001b6eb250000 - 0x000001b6eb253000 	C:\Users\charl\.openjfx\cache\20.0.1+2\amd64\api-ms-win-core-datetime-l1-1-0.dll
0x000001b6eb260000 - 0x000001b6eb263000 	C:\Users\charl\.openjfx\cache\20.0.1+2\amd64\api-ms-win-core-debug-l1-1-0.dll
0x000001b6eb270000 - 0x000001b6eb273000 	C:\Users\charl\.openjfx\cache\20.0.1+2\amd64\api-ms-win-core-errorhandling-l1-1-0.dll
0x000001b6ed160000 - 0x000001b6ed164000 	C:\Users\charl\.openjfx\cache\20.0.1+2\amd64\api-ms-win-core-file-l1-1-0.dll
0x000001b6ed170000 - 0x000001b6ed173000 	C:\Users\charl\.openjfx\cache\20.0.1+2\amd64\api-ms-win-core-file-l1-2-0.dll
0x000001b6ed180000 - 0x000001b6ed183000 	C:\Users\charl\.openjfx\cache\20.0.1+2\amd64\api-ms-win-core-file-l2-1-0.dll
0x000001b6ed190000 - 0x000001b6ed193000 	C:\Users\charl\.openjfx\cache\20.0.1+2\amd64\api-ms-win-core-handle-l1-1-0.dll
0x000001b6ed1a0000 - 0x000001b6ed1a3000 	C:\Users\charl\.openjfx\cache\20.0.1+2\amd64\api-ms-win-core-heap-l1-1-0.dll
0x000001b6ed1b0000 - 0x000001b6ed1b3000 	C:\Users\charl\.openjfx\cache\20.0.1+2\amd64\api-ms-win-core-interlocked-l1-1-0.dll
0x000001b6ed1c0000 - 0x000001b6ed1c3000 	C:\Users\charl\.openjfx\cache\20.0.1+2\amd64\api-ms-win-core-libraryloader-l1-1-0.dll
0x000001b6ed1d0000 - 0x000001b6ed1d3000 	C:\Users\charl\.openjfx\cache\20.0.1+2\amd64\api-ms-win-core-localization-l1-2-0.dll
0x000001b6ed1e0000 - 0x000001b6ed1e3000 	C:\Users\charl\.openjfx\cache\20.0.1+2\amd64\api-ms-win-core-memory-l1-1-0.dll
0x000001b6ed1f0000 - 0x000001b6ed1f3000 	C:\Users\charl\.openjfx\cache\20.0.1+2\amd64\api-ms-win-core-namedpipe-l1-1-0.dll
0x000001b6ed200000 - 0x000001b6ed203000 	C:\Users\charl\.openjfx\cache\20.0.1+2\amd64\api-ms-win-core-processenvironment-l1-1-0.dll
0x000001b6ed210000 - 0x000001b6ed213000 	C:\Users\charl\.openjfx\cache\20.0.1+2\amd64\api-ms-win-core-processthreads-l1-1-0.dll
0x000001b6ed220000 - 0x000001b6ed223000 	C:\Users\charl\.openjfx\cache\20.0.1+2\amd64\api-ms-win-core-processthreads-l1-1-1.dll
0x000001b6f8f20000 - 0x000001b6f8f23000 	C:\Users\charl\.openjfx\cache\20.0.1+2\amd64\api-ms-win-core-profile-l1-1-0.dll
0x000001b6f8f30000 - 0x000001b6f8f33000 	C:\Users\charl\.openjfx\cache\20.0.1+2\amd64\api-ms-win-core-rtlsupport-l1-1-0.dll
0x000001b6f8f40000 - 0x000001b6f8f43000 	C:\Users\charl\.openjfx\cache\20.0.1+2\amd64\api-ms-win-core-string-l1-1-0.dll
0x000001b6f8f50000 - 0x000001b6f8f53000 	C:\Users\charl\.openjfx\cache\20.0.1+2\amd64\api-ms-win-core-synch-l1-1-0.dll
0x000001b6f8f60000 - 0x000001b6f8f63000 	C:\Users\charl\.openjfx\cache\20.0.1+2\amd64\api-ms-win-core-synch-l1-2-0.dll
0x000001b6f8f70000 - 0x000001b6f8f73000 	C:\Users\charl\.openjfx\cache\20.0.1+2\amd64\api-ms-win-core-sysinfo-l1-1-0.dll
0x000001b6f8f80000 - 0x000001b6f8f83000 	C:\Users\charl\.openjfx\cache\20.0.1+2\amd64\api-ms-win-core-timezone-l1-1-0.dll
0x000001b6f8f90000 - 0x000001b6f8f93000 	C:\Users\charl\.openjfx\cache\20.0.1+2\amd64\api-ms-win-core-util-l1-1-0.dll
0x000001b6f8fa0000 - 0x000001b6f8fa3000 	C:\Users\charl\.openjfx\cache\20.0.1+2\amd64\api-ms-win-crt-conio-l1-1-0.dll
0x000001b6f8fb0000 - 0x000001b6f8fb4000 	C:\Users\charl\.openjfx\cache\20.0.1+2\amd64\api-ms-win-crt-convert-l1-1-0.dll
0x000001b6f8fc0000 - 0x000001b6f8fc3000 	C:\Users\charl\.openjfx\cache\20.0.1+2\amd64\api-ms-win-crt-environment-l1-1-0.dll
0x000001b6f8fd0000 - 0x000001b6f8fd3000 	C:\Users\charl\.openjfx\cache\20.0.1+2\amd64\api-ms-win-crt-filesystem-l1-1-0.dll
0x000001b6f8fe0000 - 0x000001b6f8fe3000 	C:\Users\charl\.openjfx\cache\20.0.1+2\amd64\api-ms-win-crt-heap-l1-1-0.dll
0x000001b6f8ff0000 - 0x000001b6f8ff3000 	C:\Users\charl\.openjfx\cache\20.0.1+2\amd64\api-ms-win-crt-locale-l1-1-0.dll
0x000001b6fdc00000 - 0x000001b6fdc05000 	C:\Users\charl\.openjfx\cache\20.0.1+2\amd64\api-ms-win-crt-math-l1-1-0.dll
0x000001b6fdc10000 - 0x000001b6fdc15000 	C:\Users\charl\.openjfx\cache\20.0.1+2\amd64\api-ms-win-crt-multibyte-l1-1-0.dll
0x000001b6fdc20000 - 0x000001b6fdc30000 	C:\Users\charl\.openjfx\cache\20.0.1+2\amd64\api-ms-win-crt-private-l1-1-0.dll
0x000001b6fdc30000 - 0x000001b6fdc33000 	C:\Users\charl\.openjfx\cache\20.0.1+2\amd64\api-ms-win-crt-process-l1-1-0.dll
0x000001b6fdc40000 - 0x000001b6fdc44000 	C:\Users\charl\.openjfx\cache\20.0.1+2\amd64\api-ms-win-crt-runtime-l1-1-0.dll
0x000001b6fdc50000 - 0x000001b6fdc54000 	C:\Users\charl\.openjfx\cache\20.0.1+2\amd64\api-ms-win-crt-stdio-l1-1-0.dll
0x000001b6fdc60000 - 0x000001b6fdc64000 	C:\Users\charl\.openjfx\cache\20.0.1+2\amd64\api-ms-win-crt-string-l1-1-0.dll
0x000001b6fdc70000 - 0x000001b6fdc73000 	C:\Users\charl\.openjfx\cache\20.0.1+2\amd64\api-ms-win-crt-time-l1-1-0.dll
0x000001b6fdc80000 - 0x000001b6fdc83000 	C:\Users\charl\.openjfx\cache\20.0.1+2\amd64\api-ms-win-crt-utility-l1-1-0.dll
0x00007ffe664a0000 - 0x00007ffe6659c000 	C:\Users\charl\.openjfx\cache\20.0.1+2\amd64\ucrtbase.dll
0x00007ffe72170000 - 0x00007ffe7218b000 	C:\Users\charl\.openjfx\cache\20.0.1+2\amd64\vcruntime140.dll
0x00007ffe7f9b0000 - 0x00007ffe7f9bc000 	C:\Users\charl\.openjfx\cache\20.0.1+2\amd64\vcruntime140_1.dll
0x00007ffe66410000 - 0x00007ffe6649e000 	C:\Users\charl\.openjfx\cache\20.0.1+2\amd64\msvcp140.dll
0x00007ffe73d90000 - 0x00007ffe73d99000 	C:\Users\charl\.openjfx\cache\20.0.1+2\amd64\msvcp140_1.dll
0x00007ffe71a40000 - 0x00007ffe71a70000 	C:\Users\charl\.openjfx\cache\20.0.1+2\amd64\msvcp140_2.dll
0x00007ffe67170000 - 0x00007ffe6719f000 	C:\Users\charl\.openjfx\cache\20.0.1+2\amd64\prism_d3d.dll
0x00007ffe463e0000 - 0x00007ffe465ad000 	C:\Windows\system32\d3d9.dll
0x00007ffe86f00000 - 0x00007ffe86f2f000 	C:\Windows\SYSTEM32\dwmapi.dll
0x00007ffe86d60000 - 0x00007ffe86dfe000 	C:\Windows\system32\uxtheme.dll
0x00007ffe2e470000 - 0x00007ffe309ad000 	C:\Windows\SYSTEM32\igdumdim64.dll
0x00007ffe8add0000 - 0x00007ffe8ae9d000 	C:\Windows\System32\OLEAUT32.dll
0x00007ffe89db0000 - 0x00007ffe89edb000 	C:\Windows\System32\ole32.dll
0x00007ffe8b8a0000 - 0x00007ffe8bd0e000 	C:\Windows\System32\SETUPAPI.dll
0x00007ffe89550000 - 0x00007ffe8959e000 	C:\Windows\System32\cfgmgr32.dll
0x00007ffe89660000 - 0x00007ffe89687000 	C:\Windows\System32\bcrypt.dll
0x00007ffe66270000 - 0x00007ffe662b2000 	C:\Users\charl\.openjfx\cache\20.0.1+2\amd64\glass.dll
0x00007ffe89f40000 - 0x00007ffe8a01a000 	C:\Windows\System32\COMDLG32.dll
0x00007ffe8b570000 - 0x00007ffe8b684000 	C:\Windows\System32\MSCTF.dll
0x00007ffe7c0a0000 - 0x00007ffe7cadf000 	C:\Windows\SYSTEM32\igdusc64.dll
0x00007ffe839f0000 - 0x00007ffe83a2b000 	C:\Windows\SYSTEM32\dxcore.dll
0x00007ffe888c0000 - 0x00007ffe8898a000 	C:\Windows\SYSTEM32\DNSAPI.dll
0x00007ffe88870000 - 0x00007ffe888ab000 	C:\Windows\SYSTEM32\IPHLPAPI.DLL
0x00007ffe8b000000 - 0x00007ffe8b008000 	C:\Windows\System32\NSI.dll
0x00007ffe79a50000 - 0x00007ffe79a5a000 	C:\Windows\System32\rasadhlp.dll
0x00007ffe79e50000 - 0x00007ffe79ed2000 	C:\Windows\System32\fwpuclnt.dll
0x00007ffe76360000 - 0x00007ffe7636e000 	C:\Users\charl\.jdks\openjdk-20.0.2\bin\sunmscapi.dll
0x00007ffe89790000 - 0x00007ffe898ed000 	C:\Windows\System32\CRYPT32.dll
0x00007ffe88ee0000 - 0x00007ffe88f07000 	C:\Windows\SYSTEM32\ncrypt.dll
0x00007ffe88ea0000 - 0x00007ffe88edb000 	C:\Windows\SYSTEM32\NTASN1.dll
0x00007ffe88dc0000 - 0x00007ffe88dd8000 	C:\Windows\SYSTEM32\CRYPTSP.dll
0x00007ffe88470000 - 0x00007ffe884a4000 	C:\Windows\system32\rsaenh.dll
0x00007ffe89320000 - 0x00007ffe8934e000 	C:\Windows\SYSTEM32\USERENV.dll
0x00007ffe88de0000 - 0x00007ffe88dec000 	C:\Windows\SYSTEM32\CRYPTBASE.dll
0x00007ffe81690000 - 0x00007ffe816a7000 	C:\Windows\SYSTEM32\dhcpcsvc6.DLL
0x00007ffe818c0000 - 0x00007ffe818dd000 	C:\Windows\SYSTEM32\dhcpcsvc.DLL

dbghelp: loaded successfully - version: 4.0.5 - missing functions: none
symbol engine: initialized successfully - sym options: 0x614 - pdb path: .;C:\Users\charl\.jdks\openjdk-20.0.2\bin;C:\Windows\SYSTEM32;C:\Windows\WinSxS\amd64_microsoft.windows.common-controls_6595b64144ccf1df_6.0.19041.3570_none_60bb2a3971f3e41a;C:\Users\charl\.jdks\openjdk-20.0.2\bin\server;C:\Program Files\JetBrains\IntelliJ IDEA Community Edition 2023.2.2\bin;C:\Users\charl\.openjfx\cache\20.0.1+2\amd64

VM Arguments:
jvm_args: -javaagent:C:\Program Files\JetBrains\IntelliJ IDEA Community Edition 2023.2.2\lib\idea_rt.jar=61684:C:\Program Files\JetBrains\IntelliJ IDEA Community Edition 2023.2.2\bin -Dfile.encoding=UTF-8 -Dsun.stdout.encoding=UTF-8 -Dsun.stderr.encoding=UTF-8 --module-path=C:\Users\charl\.m2\repository\net\synedra\validatorfx\0.4.0\validatorfx-0.4.0.jar;C:\Users\charl\.m2\repository\org\controlsfx\controlsfx\11.1.2\controlsfx-11.1.2.jar;C:\Users\charl\.m2\repository\org\openjfx\javafx-fxml\20.0.1\javafx-fxml-20.0.1-win.jar;C:\Users\charl\.m2\repository\org\openjfx\javafx-controls\20.0.1\javafx-controls-20.0.1-win.jar;D:\Code\Java\ProjectOOP_Dictionary\Added Libraries\jlayer-1.0.1.jar;D:\Code\Java\ProjectOOP_Dictionary\Dictionary\target\classes;C:\Users\charl\.m2\repository\org\openjfx\javafx-graphics\20.0.1\javafx-graphics-20.0.1-win.jar;D:\Code\Java\ProjectOOP_Dictionary\Added Libraries\java-google-speech-api-8.0.0.jar;C:\Users\charl\.m2\repository\org\openjfx\javafx-base\20.0.1\javafx-base-20.0.1-win.jar;C:\Users\charl\.m2\repository\org\kordamp\bootstrapfx\bootstrapfx-core\0.4.0\bootstrapfx-core-0.4.0.jar -Djdk.module.main=com.example.dictionary 
java_command: com.example.dictionary/com.example.dictionary.DictionaryApplication
java_class_path (initial): C:\Users\charl\.m2\repository\org\openjfx\javafx-controls\20.0.1\javafx-controls-20.0.1.jar;C:\Users\charl\.m2\repository\org\openjfx\javafx-graphics\20.0.1\javafx-graphics-20.0.1.jar;C:\Users\charl\.m2\repository\org\openjfx\javafx-base\20.0.1\javafx-base-20.0.1.jar;C:\Users\charl\.m2\repository\org\openjfx\javafx-fxml\20.0.1\javafx-fxml-20.0.1.jar;D:\Code\Java\ProjectOOP_Dictionary\Added Libraries\mysql-connector-j-8.1.0.jar
Launcher Type: SUN_STANDARD

[Global flags]
     intx CICompilerCount                          = 3                                         {product} {ergonomic}
     uint ConcGCThreads                            = 1                                         {product} {ergonomic}
     uint G1ConcRefinementThreads                  = 4                                         {product} {ergonomic}
   size_t G1HeapRegionSize                         = 1048576                                   {product} {ergonomic}
    uintx GCDrainStackTargetSize                   = 64                                        {product} {ergonomic}
   size_t InitialHeapSize                          = 67108864                                  {product} {ergonomic}
   size_t MarkStackSize                            = 4194304                                   {product} {ergonomic}
   size_t MaxHeapSize                              = 1054867456                                {product} {ergonomic}
   size_t MaxNewSize                               = 632291328                                 {product} {ergonomic}
   size_t MinHeapDeltaBytes                        = 1048576                                   {product} {ergonomic}
   size_t MinHeapSize                              = 8388608                                   {product} {ergonomic}
    uintx NonNMethodCodeHeapSize                   = 5832780                                {pd product} {ergonomic}
    uintx NonProfiledCodeHeapSize                  = 122912730                              {pd product} {ergonomic}
    uintx ProfiledCodeHeapSize                     = 122912730                              {pd product} {ergonomic}
    uintx ReservedCodeCacheSize                    = 251658240                              {pd product} {ergonomic}
     bool SegmentedCodeCache                       = true                                      {product} {ergonomic}
   size_t SoftMaxHeapSize                          = 1054867456                             {manageable} {ergonomic}
     bool UseCompressedClassPointers               = true                           {product lp64_product} {ergonomic}
     bool UseCompressedOops                        = true                           {product lp64_product} {ergonomic}
     bool UseG1GC                                  = true                                      {product} {ergonomic}
     bool UseLargePagesIndividualAllocation        = false                                  {pd product} {ergonomic}

Logging:
Log output configuration:
 #0: stdout all=warning uptime,level,tags foldmultilines=false
 #1: stderr all=off uptime,level,tags foldmultilines=false

Environment Variables:
PATH=C:\Windows\system32;C:\Windows;C:\Windows\System32\Wbem;C:\Windows\System32\WindowsPowerShell\v1.0\;C:\Windows\System32\OpenSSH\;C:\Program Files\Microsoft SQL Server\130\Tools\Binn\;C:\Program Files (x86)\mingw-w64\i686-8.1.0-posix-dwarf-rt_v6-rev0\mingw32\bin;C:\Program Files\dotnet\;C:\Program Files\Microsoft SQL Server\150\Tools\Binn\;C:\Program Files\Microsoft SQL Server\Client SDK\ODBC\170\Tools\Binn\;D:\Code\SDL\SDL2\bin;C:\Users\charl\AppData\Local\Microsoft\WindowsApps;C:\Program Files (x86)\mingw-w64\i686-8.1.0-posix-dwarf-rt_v6-rev0\mingw32\bin;C:\Users\charl\.dotnet\tools;D:\Code\SDL\SDL2\bin;C:\Users\charl\AppData\Local\Programs\Microsoft VS Code\bin;C:\Program Files\JetBrains\IntelliJ IDEA Community Edition 2023.2.2\bin;;C:\Users\charl\AppData\Local\GitHubDesktop\bin;C:\Program Files\JetBrains\IntelliJ IDEA 2023.2.2\bin;
USERNAME=charl
OS=Windows_NT
PROCESSOR_IDENTIFIER=Intel64 Family 6 Model 69 Stepping 1, GenuineIntel
TMP=C:\Users\charl\AppData\Local\Temp
TEMP=C:\Users\charl\AppData\Local\Temp




---------------  S Y S T E M  ---------------

OS:
 Windows 10 , 64 bit Build 19041 (10.0.19041.3570)
OS uptime: 0 days 5:33 hours

CPU: total 4 (initial active 4) (2 cores per cpu, 2 threads per core) family 6 model 69 stepping 1 microcode 0x25, cx8, cmov, fxsr, ht, mmx, sse, sse2, sse3, ssse3, sse4.1, sse4.2, popcnt, lzcnt, tsc, tscinvbit, avx, avx2, aes, erms, clmul, bmi1, bmi2, fma, vzeroupper, clflush, rdtscp, f16c

Memory: 4k page, system-wide physical 4017M (316M free)
TotalPageFile size 10429M (AvailPageFile size 1M)
current process WorkingSet (physical memory assigned to process): 102M, peak: 102M
current process commit charge ("private bytes"): 184M, peak: 184M

vm_info: OpenJDK 64-Bit Server VM (20.0.2+9-78) for windows-amd64 JRE (20.0.2+9-78), built on 2023-06-14T10:08:48Z by "mach5one" with MS VC++ 17.1 (VS2022)

END.
