#
# There is insufficient memory for the Java Runtime Environment to continue.
# Native memory allocation (mmap) failed to map 65536 bytes for Failed to commit metaspace.
# Possible reasons:
#   The system is out of physical RAM or swap space
#   The process is running with CompressedOops enabled, and the Java Heap may be blocking the growth of the native heap
# Possible solutions:
#   Reduce memory load on the system
#   Increase physical memory or swap space
#   Check if swap backing store is full
#   Decrease Java heap size (-Xmx/-Xms)
#   Decrease number of Java threads
#   Decrease Java thread stack sizes (-Xss)
#   Set larger code cache with -XX:ReservedCodeCacheSize=
#   JVM is running with Unscaled Compressed Oops mode in which the Java heap is
#     placed in the first 4GB address space. The Java Heap base address is the
#     maximum limit for the native heap growth. Please use -XX:HeapBaseMinAddress
#     to set the Java Heap base and to place the Java Heap above 4GB virtual address.
# This output file may be truncated or incomplete.
#
#  Out of Memory Error (virtualSpaceNode.cpp:110), pid=2252, tid=8076
#
# JRE version: OpenJDK Runtime Environment (20.0.2+9) (build 20.0.2+9-78)
# Java VM: OpenJDK 64-Bit Server VM (20.0.2+9-78, mixed mode, sharing, tiered, compressed oops, compressed class ptrs, g1 gc, windows-amd64)
# No core dump will be written. Minidumps are not enabled by default on client versions of Windows
#

---------------  S U M M A R Y ------------

Command Line: -javaagent:C:\Program Files\JetBrains\IntelliJ IDEA Community Edition 2023.2.2\lib\idea_rt.jar=61693:C:\Program Files\JetBrains\IntelliJ IDEA Community Edition 2023.2.2\bin -Dfile.encoding=UTF-8 -Dsun.stdout.encoding=UTF-8 -Dsun.stderr.encoding=UTF-8 --module-path=C:\Users\charl\.m2\repository\net\synedra\validatorfx\0.4.0\validatorfx-0.4.0.jar;C:\Users\charl\.m2\repository\org\controlsfx\controlsfx\11.1.2\controlsfx-11.1.2.jar;C:\Users\charl\.m2\repository\org\openjfx\javafx-fxml\20.0.1\javafx-fxml-20.0.1-win.jar;C:\Users\charl\.m2\repository\org\openjfx\javafx-controls\20.0.1\javafx-controls-20.0.1-win.jar;D:\Code\Java\ProjectOOP_Dictionary\Added Libraries\jlayer-1.0.1.jar;D:\Code\Java\ProjectOOP_Dictionary\Dictionary\target\classes;C:\Users\charl\.m2\repository\org\openjfx\javafx-graphics\20.0.1\javafx-graphics-20.0.1-win.jar;D:\Code\Java\ProjectOOP_Dictionary\Added Libraries\java-google-speech-api-8.0.0.jar;C:\Users\charl\.m2\repository\org\openjfx\javafx-base\20.0.1\javafx-base-20.0.1-win.jar;C:\Users\charl\.m2\repository\org\kordamp\bootstrapfx\bootstrapfx-core\0.4.0\bootstrapfx-core-0.4.0.jar -Djdk.module.main=com.example.dictionary com.example.dictionary/com.example.dictionary.DictionaryApplication

Host: Intel(R) Core(TM) i5-4200U CPU @ 1.60GHz, 4 cores, 3G,  Windows 10 , 64 bit Build 19041 (10.0.19041.3570)
Time: Fri Nov  3 22:32:28 2023 SE Asia Standard Time elapsed time: 2.205273 seconds (0d 0h 0m 2s)

---------------  T H R E A D  ---------------

Current thread (0x000002138f0fcdb0):  JavaThread "main" [_thread_in_vm, id=8076, stack(0x00000053c3e00000,0x00000053c3f00000)]

Stack: [0x00000053c3e00000,0x00000053c3f00000]
Native frames: (J=compiled Java code, j=interpreted, Vv=VM code, C=native code)
V  [jvm.dll+0x6bc25a]
V  [jvm.dll+0x84971a]
V  [jvm.dll+0x84b315]
V  [jvm.dll+0x84ba13]
V  [jvm.dll+0x280e4f]
V  [jvm.dll+0x84565b]
V  [jvm.dll+0x660616]
V  [jvm.dll+0x1eb7b7]
V  [jvm.dll+0x663032]
V  [jvm.dll+0x662e1e]
V  [jvm.dll+0x66102e]
V  [jvm.dll+0x66b6a7]
V  [jvm.dll+0x21b712]
V  [jvm.dll+0x21bc45]
V  [jvm.dll+0x21c631]
V  [jvm.dll+0x211a50]
V  [jvm.dll+0x59c7cc]
V  [jvm.dll+0x7c42a3]
V  [jvm.dll+0x7c4384]
V  [jvm.dll+0x46ca64]
V  [jvm.dll+0x471fc8]
C  [java.dll+0x17ec]

Java frames: (J=compiled Java code, j=interpreted, Vv=VM code)
j  java.lang.ClassLoader.defineClass1(Ljava/lang/ClassLoader;Ljava/lang/String;[BIILjava/security/ProtectionDomain;Ljava/lang/String;)Ljava/lang/Class;+0 java.base@20.0.2
j  java.lang.ClassLoader.defineClass(Ljava/lang/String;[BIILjava/security/ProtectionDomain;)Ljava/lang/Class;+27 java.base@20.0.2
j  java.lang.ClassLoader.defineClass(Ljava/lang/String;Ljava/nio/ByteBuffer;Ljava/security/ProtectionDomain;)Ljava/lang/Class;+38 java.base@20.0.2
j  java.security.SecureClassLoader.defineClass(Ljava/lang/String;Ljava/nio/ByteBuffer;Ljava/security/CodeSource;)Ljava/lang/Class;+8 java.base@20.0.2
j  jdk.internal.loader.BuiltinClassLoader.defineClass(Ljava/lang/String;Ljdk/internal/loader/BuiltinClassLoader$LoadedModule;)Ljava/lang/Class;+127 java.base@20.0.2
j  jdk.internal.loader.BuiltinClassLoader.findClassInModuleOrNull(Ljdk/internal/loader/BuiltinClassLoader$LoadedModule;Ljava/lang/String;)Ljava/lang/Class;+9 java.base@20.0.2
j  jdk.internal.loader.BuiltinClassLoader.loadClassOrNull(Ljava/lang/String;Z)Ljava/lang/Class;+55 java.base@20.0.2
j  jdk.internal.loader.BuiltinClassLoader.loadClass(Ljava/lang/String;Z)Ljava/lang/Class;+3 java.base@20.0.2
j  jdk.internal.loader.ClassLoaders$AppClassLoader.loadClass(Ljava/lang/String;Z)Ljava/lang/Class;+36 java.base@20.0.2
j  java.lang.ClassLoader.loadClass(Ljava/lang/String;)Ljava/lang/Class;+3 java.base@20.0.2
v  ~StubRoutines::call_stub 0x000002139fed100d
j  com.sun.javafx.application.PlatformImpl.startup(Ljava/lang/Runnable;Z)V+221 javafx.graphics@20.0.1
j  com.sun.javafx.application.PlatformImpl.startup(Ljava/lang/Runnable;)V+2 javafx.graphics@20.0.1
j  com.sun.javafx.application.LauncherImpl.startToolkit()V+26 javafx.graphics@20.0.1
j  com.sun.javafx.application.LauncherImpl.launchApplicationWithArgs(Lcom/sun/javafx/application/ModuleAccess;Ljava/lang/String;Ljava/lang/String;[Ljava/lang/String;)V+0 javafx.graphics@20.0.1
j  com.sun.javafx.application.LauncherImpl.launchApplication(Ljava/lang/String;Ljava/lang/String;[Ljava/lang/String;)V+483 javafx.graphics@20.0.1
j  java.lang.invoke.LambdaForm$DMH+0x00000213ad002400.invokeStatic(Ljava/lang/Object;Ljava/lang/Object;Ljava/lang/Object;Ljava/lang/Object;)V+14 java.base@20.0.2
j  java.lang.invoke.LambdaForm$MH+0x00000213ad007c00.invoke(Ljava/lang/Object;Ljava/lang/Object;Ljava/lang/Object;Ljava/lang/Object;Ljava/lang/Object;)Ljava/lang/Object;+68 java.base@20.0.2
j  java.lang.invoke.LambdaForm$MH+0x00000213ad008000.invokeExact_MT(Ljava/lang/Object;Ljava/lang/Object;Ljava/lang/Object;Ljava/lang/Object;Ljava/lang/Object;Ljava/lang/Object;)Ljava/lang/Object;+24 java.base@20.0.2
j  jdk.internal.reflect.DirectMethodHandleAccessor.invokeImpl(Ljava/lang/Object;[Ljava/lang/Object;)Ljava/lang/Object;+92 java.base@20.0.2
j  jdk.internal.reflect.DirectMethodHandleAccessor.invoke(Ljava/lang/Object;[Ljava/lang/Object;)Ljava/lang/Object;+23 java.base@20.0.2
j  java.lang.reflect.Method.invoke(Ljava/lang/Object;[Ljava/lang/Object;)Ljava/lang/Object;+102 java.base@20.0.2
j  sun.launcher.LauncherHelper$FXHelper.main([Ljava/lang/String;)V+52 java.base@20.0.2
v  ~StubRoutines::call_stub 0x000002139fed100d

---------------  P R O C E S S  ---------------

Threads class SMR info:
_java_thread_list=0x00000213f12051e0, length=12, elements={
0x000002138f0fcdb0, 0x00000213abb76870, 0x00000213abb77670, 0x00000213abb79700,
0x00000213abb7d160, 0x00000213abb7daa0, 0x00000213abb863f0, 0x00000213abbb35a0,
0x00000213abbb5f30, 0x00000213f10a78b0, 0x00000213f15240b0, 0x00000213f1526610
}

Java Threads: ( => current thread )
=>0x000002138f0fcdb0 JavaThread "main" [_thread_in_vm, id=8076, stack(0x00000053c3e00000,0x00000053c3f00000)]
  0x00000213abb76870 JavaThread "Reference Handler" daemon [_thread_blocked, id=1540, stack(0x00000053c4500000,0x00000053c4600000)]
  0x00000213abb77670 JavaThread "Finalizer" daemon [_thread_blocked, id=6620, stack(0x00000053c4600000,0x00000053c4700000)]
  0x00000213abb79700 JavaThread "Signal Dispatcher" daemon [_thread_blocked, id=12620, stack(0x00000053c4700000,0x00000053c4800000)]
  0x00000213abb7d160 JavaThread "Attach Listener" daemon [_thread_blocked, id=9828, stack(0x00000053c4800000,0x00000053c4900000)]
  0x00000213abb7daa0 JavaThread "Service Thread" daemon [_thread_blocked, id=11104, stack(0x00000053c4900000,0x00000053c4a00000)]
  0x00000213abb863f0 JavaThread "Monitor Deflation Thread" daemon [_thread_blocked, id=1096, stack(0x00000053c4a00000,0x00000053c4b00000)]
  0x00000213abbb35a0 JavaThread "C2 CompilerThread0" daemon [_thread_blocked, id=8164, stack(0x00000053c4b00000,0x00000053c4c00000)]
  0x00000213abbb5f30 JavaThread "C1 CompilerThread0" daemon [_thread_blocked, id=1112, stack(0x00000053c4c00000,0x00000053c4d00000)]
  0x00000213f10a78b0 JavaThread "Common-Cleaner" daemon [_thread_blocked, id=11956, stack(0x00000053c4d00000,0x00000053c4e00000)]
  0x00000213f15240b0 JavaThread "Monitor Ctrl-Break" daemon [_thread_in_native, id=4332, stack(0x00000053c4e00000,0x00000053c4f00000)]
  0x00000213f1526610 JavaThread "Notification Thread" daemon [_thread_blocked, id=1980, stack(0x00000053c4f00000,0x00000053c5000000)]

Other Threads:
  0x00000213abb57b50 VMThread "VM Thread" [stack: 0x00000053c4400000,0x00000053c4500000] [id=12044]
  0x00000213f1526b60 WatcherThread "VM Periodic Task Thread" [stack: 0x00000053c5000000,0x00000053c5100000] [id=6908]
  0x000002138f13e610 WorkerThread "GC Thread#0" [stack: 0x00000053c3f00000,0x00000053c4000000] [id=6404]
  0x000002138f1472e0 ConcurrentGCThread "G1 Main Marker" [stack: 0x00000053c4000000,0x00000053c4100000] [id=12628]
  0x000002138f147d10 WorkerThread "G1 Conc#0" [stack: 0x00000053c4100000,0x00000053c4200000] [id=1428]
  0x00000213aba210a0 ConcurrentGCThread "G1 Refine#0" [stack: 0x00000053c4200000,0x00000053c4300000] [id=2120]
  0x00000213aba21b40 ConcurrentGCThread "G1 Service" [stack: 0x00000053c4300000,0x00000053c4400000] [id=4264]

Threads with active compile tasks:

VM state: not at safepoint (normal execution)

VM Mutex/Monitor currently owned by a thread:  ([mutex/lock_event])
[0x000002138efec410] Metaspace_lock - owner thread: 0x000002138f0fcdb0

Heap address: 0x00000000c1200000, size: 1006 MB, Compressed Oops mode: 32-bit

CDS archive(s) mapped at: [0x00000213ac000000-0x00000213acc60000-0x00000213acc60000), size 12976128, SharedBaseAddress: 0x00000213ac000000, ArchiveRelocationMode: 1.
Compressed class space mapped at: 0x00000213ad000000-0x00000213ed000000, reserved size: 1073741824
Narrow klass base: 0x00000213ac000000, Narrow klass shift: 0, Narrow klass range: 0x100000000

GC Precious Log:
 CardTable entry size: 512
 Card Set container configuration: InlinePtr #cards 5 size 8 Array Of Cards #cards 12 size 40 Howl #buckets 4 coarsen threshold 1843 Howl Bitmap #cards 512 size 80 coarsen threshold 460 Card regions per heap region 1 cards per card region 2048
 CPUs: 4 total, 4 available
 Memory: 4017M
 Large Page Support: Disabled
 NUMA Support: Disabled
 Compressed Oops: Enabled (32-bit)
 Heap Region Size: 1M
 Heap Min Capacity: 8M
 Heap Initial Capacity: 64M
 Heap Max Capacity: 1006M
 Pre-touch: Disabled
 Parallel Workers: 4
 Concurrent Workers: 1
 Concurrent Refinement Workers: 4
 Periodic GC: Disabled

Heap:
 garbage-first heap   total 65536K, used 9216K [0x00000000c1200000, 0x0000000100000000)
  region size 1024K, 10 young (10240K), 0 survivors (0K)
 Metaspace       used 1596K, committed 1664K, reserved 1114112K
  class space    used 161K, committed 192K, reserved 1048576K

Heap Regions: E=young(eden), S=young(survivor), O=old, HS=humongous(starts), HC=humongous(continues), CS=collection set, F=free, OA=open archive, CA=closed archive, TAMS=top-at-mark-start, PB=parsable bottom
|   0|0x00000000c1200000, 0x00000000c1200000, 0x00000000c1300000|  0%| F|  |TAMS 0x00000000c1200000| PB 0x00000000c1200000| Untracked 
|   1|0x00000000c1300000, 0x00000000c1300000, 0x00000000c1400000|  0%| F|  |TAMS 0x00000000c1300000| PB 0x00000000c1300000| Untracked 
|   2|0x00000000c1400000, 0x00000000c1400000, 0x00000000c1500000|  0%| F|  |TAMS 0x00000000c1400000| PB 0x00000000c1400000| Untracked 
|   3|0x00000000c1500000, 0x00000000c1500000, 0x00000000c1600000|  0%| F|  |TAMS 0x00000000c1500000| PB 0x00000000c1500000| Untracked 
|   4|0x00000000c1600000, 0x00000000c1600000, 0x00000000c1700000|  0%| F|  |TAMS 0x00000000c1600000| PB 0x00000000c1600000| Untracked 
|   5|0x00000000c1700000, 0x00000000c1700000, 0x00000000c1800000|  0%| F|  |TAMS 0x00000000c1700000| PB 0x00000000c1700000| Untracked 
|   6|0x00000000c1800000, 0x00000000c1800000, 0x00000000c1900000|  0%| F|  |TAMS 0x00000000c1800000| PB 0x00000000c1800000| Untracked 
|   7|0x00000000c1900000, 0x00000000c1900000, 0x00000000c1a00000|  0%| F|  |TAMS 0x00000000c1900000| PB 0x00000000c1900000| Untracked 
|   8|0x00000000c1a00000, 0x00000000c1a00000, 0x00000000c1b00000|  0%| F|  |TAMS 0x00000000c1a00000| PB 0x00000000c1a00000| Untracked 
|   9|0x00000000c1b00000, 0x00000000c1b00000, 0x00000000c1c00000|  0%| F|  |TAMS 0x00000000c1b00000| PB 0x00000000c1b00000| Untracked 
|  10|0x00000000c1c00000, 0x00000000c1c00000, 0x00000000c1d00000|  0%| F|  |TAMS 0x00000000c1c00000| PB 0x00000000c1c00000| Untracked 
|  11|0x00000000c1d00000, 0x00000000c1d00000, 0x00000000c1e00000|  0%| F|  |TAMS 0x00000000c1d00000| PB 0x00000000c1d00000| Untracked 
|  12|0x00000000c1e00000, 0x00000000c1e00000, 0x00000000c1f00000|  0%| F|  |TAMS 0x00000000c1e00000| PB 0x00000000c1e00000| Untracked 
|  13|0x00000000c1f00000, 0x00000000c1f00000, 0x00000000c2000000|  0%| F|  |TAMS 0x00000000c1f00000| PB 0x00000000c1f00000| Untracked 
|  14|0x00000000c2000000, 0x00000000c2000000, 0x00000000c2100000|  0%| F|  |TAMS 0x00000000c2000000| PB 0x00000000c2000000| Untracked 
|  15|0x00000000c2100000, 0x00000000c2100000, 0x00000000c2200000|  0%| F|  |TAMS 0x00000000c2100000| PB 0x00000000c2100000| Untracked 
|  16|0x00000000c2200000, 0x00000000c2200000, 0x00000000c2300000|  0%| F|  |TAMS 0x00000000c2200000| PB 0x00000000c2200000| Untracked 
|  17|0x00000000c2300000, 0x00000000c2300000, 0x00000000c2400000|  0%| F|  |TAMS 0x00000000c2300000| PB 0x00000000c2300000| Untracked 
|  18|0x00000000c2400000, 0x00000000c2400000, 0x00000000c2500000|  0%| F|  |TAMS 0x00000000c2400000| PB 0x00000000c2400000| Untracked 
|  19|0x00000000c2500000, 0x00000000c2500000, 0x00000000c2600000|  0%| F|  |TAMS 0x00000000c2500000| PB 0x00000000c2500000| Untracked 
|  20|0x00000000c2600000, 0x00000000c2600000, 0x00000000c2700000|  0%| F|  |TAMS 0x00000000c2600000| PB 0x00000000c2600000| Untracked 
|  21|0x00000000c2700000, 0x00000000c2700000, 0x00000000c2800000|  0%| F|  |TAMS 0x00000000c2700000| PB 0x00000000c2700000| Untracked 
|  22|0x00000000c2800000, 0x00000000c2800000, 0x00000000c2900000|  0%| F|  |TAMS 0x00000000c2800000| PB 0x00000000c2800000| Untracked 
|  23|0x00000000c2900000, 0x00000000c2900000, 0x00000000c2a00000|  0%| F|  |TAMS 0x00000000c2900000| PB 0x00000000c2900000| Untracked 
|  24|0x00000000c2a00000, 0x00000000c2a00000, 0x00000000c2b00000|  0%| F|  |TAMS 0x00000000c2a00000| PB 0x00000000c2a00000| Untracked 
|  25|0x00000000c2b00000, 0x00000000c2b00000, 0x00000000c2c00000|  0%| F|  |TAMS 0x00000000c2b00000| PB 0x00000000c2b00000| Untracked 
|  26|0x00000000c2c00000, 0x00000000c2c00000, 0x00000000c2d00000|  0%| F|  |TAMS 0x00000000c2c00000| PB 0x00000000c2c00000| Untracked 
|  27|0x00000000c2d00000, 0x00000000c2d00000, 0x00000000c2e00000|  0%| F|  |TAMS 0x00000000c2d00000| PB 0x00000000c2d00000| Untracked 
|  28|0x00000000c2e00000, 0x00000000c2e00000, 0x00000000c2f00000|  0%| F|  |TAMS 0x00000000c2e00000| PB 0x00000000c2e00000| Untracked 
|  29|0x00000000c2f00000, 0x00000000c2f00000, 0x00000000c3000000|  0%| F|  |TAMS 0x00000000c2f00000| PB 0x00000000c2f00000| Untracked 
|  30|0x00000000c3000000, 0x00000000c3000000, 0x00000000c3100000|  0%| F|  |TAMS 0x00000000c3000000| PB 0x00000000c3000000| Untracked 
|  31|0x00000000c3100000, 0x00000000c3100000, 0x00000000c3200000|  0%| F|  |TAMS 0x00000000c3100000| PB 0x00000000c3100000| Untracked 
|  32|0x00000000c3200000, 0x00000000c3200000, 0x00000000c3300000|  0%| F|  |TAMS 0x00000000c3200000| PB 0x00000000c3200000| Untracked 
|  33|0x00000000c3300000, 0x00000000c3300000, 0x00000000c3400000|  0%| F|  |TAMS 0x00000000c3300000| PB 0x00000000c3300000| Untracked 
|  34|0x00000000c3400000, 0x00000000c3400000, 0x00000000c3500000|  0%| F|  |TAMS 0x00000000c3400000| PB 0x00000000c3400000| Untracked 
|  35|0x00000000c3500000, 0x00000000c3500000, 0x00000000c3600000|  0%| F|  |TAMS 0x00000000c3500000| PB 0x00000000c3500000| Untracked 
|  36|0x00000000c3600000, 0x00000000c3600000, 0x00000000c3700000|  0%| F|  |TAMS 0x00000000c3600000| PB 0x00000000c3600000| Untracked 
|  37|0x00000000c3700000, 0x00000000c3700000, 0x00000000c3800000|  0%| F|  |TAMS 0x00000000c3700000| PB 0x00000000c3700000| Untracked 
|  38|0x00000000c3800000, 0x00000000c3800000, 0x00000000c3900000|  0%| F|  |TAMS 0x00000000c3800000| PB 0x00000000c3800000| Untracked 
|  39|0x00000000c3900000, 0x00000000c3900000, 0x00000000c3a00000|  0%| F|  |TAMS 0x00000000c3900000| PB 0x00000000c3900000| Untracked 
|  40|0x00000000c3a00000, 0x00000000c3a00000, 0x00000000c3b00000|  0%| F|  |TAMS 0x00000000c3a00000| PB 0x00000000c3a00000| Untracked 
|  41|0x00000000c3b00000, 0x00000000c3b00000, 0x00000000c3c00000|  0%| F|  |TAMS 0x00000000c3b00000| PB 0x00000000c3b00000| Untracked 
|  42|0x00000000c3c00000, 0x00000000c3c00000, 0x00000000c3d00000|  0%| F|  |TAMS 0x00000000c3c00000| PB 0x00000000c3c00000| Untracked 
|  43|0x00000000c3d00000, 0x00000000c3d00000, 0x00000000c3e00000|  0%| F|  |TAMS 0x00000000c3d00000| PB 0x00000000c3d00000| Untracked 
|  44|0x00000000c3e00000, 0x00000000c3e00000, 0x00000000c3f00000|  0%| F|  |TAMS 0x00000000c3e00000| PB 0x00000000c3e00000| Untracked 
|  45|0x00000000c3f00000, 0x00000000c3f00000, 0x00000000c4000000|  0%| F|  |TAMS 0x00000000c3f00000| PB 0x00000000c3f00000| Untracked 
|  46|0x00000000c4000000, 0x00000000c4000000, 0x00000000c4100000|  0%| F|  |TAMS 0x00000000c4000000| PB 0x00000000c4000000| Untracked 
|  47|0x00000000c4100000, 0x00000000c4100000, 0x00000000c4200000|  0%| F|  |TAMS 0x00000000c4100000| PB 0x00000000c4100000| Untracked 
|  48|0x00000000c4200000, 0x00000000c4200000, 0x00000000c4300000|  0%| F|  |TAMS 0x00000000c4200000| PB 0x00000000c4200000| Untracked 
|  49|0x00000000c4300000, 0x00000000c4300000, 0x00000000c4400000|  0%| F|  |TAMS 0x00000000c4300000| PB 0x00000000c4300000| Untracked 
|  50|0x00000000c4400000, 0x00000000c4400000, 0x00000000c4500000|  0%| F|  |TAMS 0x00000000c4400000| PB 0x00000000c4400000| Untracked 
|  51|0x00000000c4500000, 0x00000000c4500000, 0x00000000c4600000|  0%| F|  |TAMS 0x00000000c4500000| PB 0x00000000c4500000| Untracked 
|  52|0x00000000c4600000, 0x00000000c4600000, 0x00000000c4700000|  0%| F|  |TAMS 0x00000000c4600000| PB 0x00000000c4600000| Untracked 
|  53|0x00000000c4700000, 0x00000000c4700000, 0x00000000c4800000|  0%| F|  |TAMS 0x00000000c4700000| PB 0x00000000c4700000| Untracked 
|  54|0x00000000c4800000, 0x00000000c4889230, 0x00000000c4900000| 53%| E|  |TAMS 0x00000000c4800000| PB 0x00000000c4800000| Complete 
|  55|0x00000000c4900000, 0x00000000c4a00000, 0x00000000c4a00000|100%| E|CS|TAMS 0x00000000c4900000| PB 0x00000000c4900000| Complete 
|  56|0x00000000c4a00000, 0x00000000c4b00000, 0x00000000c4b00000|100%| E|CS|TAMS 0x00000000c4a00000| PB 0x00000000c4a00000| Complete 
|  57|0x00000000c4b00000, 0x00000000c4c00000, 0x00000000c4c00000|100%| E|CS|TAMS 0x00000000c4b00000| PB 0x00000000c4b00000| Complete 
|  58|0x00000000c4c00000, 0x00000000c4d00000, 0x00000000c4d00000|100%| E|CS|TAMS 0x00000000c4c00000| PB 0x00000000c4c00000| Complete 
|  59|0x00000000c4d00000, 0x00000000c4e00000, 0x00000000c4e00000|100%| E|CS|TAMS 0x00000000c4d00000| PB 0x00000000c4d00000| Complete 
|  60|0x00000000c4e00000, 0x00000000c4f00000, 0x00000000c4f00000|100%| E|CS|TAMS 0x00000000c4e00000| PB 0x00000000c4e00000| Complete 
|  61|0x00000000c4f00000, 0x00000000c5000000, 0x00000000c5000000|100%| E|CS|TAMS 0x00000000c4f00000| PB 0x00000000c4f00000| Complete 
|  62|0x00000000c5000000, 0x00000000c5100000, 0x00000000c5100000|100%| E|CS|TAMS 0x00000000c5000000| PB 0x00000000c5000000| Complete 
|  63|0x00000000c5100000, 0x00000000c5200000, 0x00000000c5200000|100%| E|CS|TAMS 0x00000000c5100000| PB 0x00000000c5100000| Complete 

Card table byte_map: [0x00000213a81d0000,0x00000213a83d0000] _byte_map_base: 0x00000213a7bc7000

Marking Bits: (CMBitMap*) 0x000002138f13ec40
 Bits: [0x00000213a85d0000, 0x00000213a9588000)

Polling page: 0x000002138f1d0000

Metaspace:

Usage:
  Non-class:      1.40 MB used.
      Class:    161.06 KB used.
       Both:      1.56 MB used.

Virtual space:
  Non-class space:       64.00 MB reserved,       1.44 MB (  2%) committed,  1 nodes.
      Class space:        1.00 GB reserved,     192.00 KB ( <1%) committed,  1 nodes.
             Both:        1.06 GB reserved,       1.62 MB ( <1%) committed. 

Chunk freelists:
   Non-Class:  3.73 MB
       Class:  3.69 MB
        Both:  7.42 MB

MaxMetaspaceSize: unlimited
CompressedClassSpaceSize: 1.00 GB
Initial GC threshold: 21.00 MB
Current GC threshold: 21.00 MB
CDS: on
MetaspaceReclaimPolicy: balanced
 - commit_granule_bytes: 65536.
 - commit_granule_words: 8192.
 - virtual_space_node_default_size: 8388608.
 - enlarge_chunks_in_place: 1.
 - new_chunks_are_fully_committed: 0.
 - uncommit_free_chunks: 1.
 - use_allocation_guard: 0.


Internal statistics:

num_allocs_failed_limit: 0.
num_arena_births: 52.
num_arena_deaths: 0.
num_vsnodes_births: 2.
num_vsnodes_deaths: 0.
num_space_committed: 26.
num_space_uncommitted: 0.
num_chunks_returned_to_freelist: 0.
num_chunks_taken_from_freelist: 69.
num_chunk_merges: 0.
num_chunk_splits: 46.
num_chunks_enlarged: 30.
num_inconsistent_stats: 0.

CodeHeap 'non-profiled nmethods': size=120000Kb used=185Kb max_used=185Kb free=119814Kb
 bounds [0x00000213a0470000, 0x00000213a06e0000, 0x00000213a79a0000]
CodeHeap 'profiled nmethods': size=120000Kb used=772Kb max_used=772Kb free=119227Kb
 bounds [0x00000213989a0000, 0x0000021398c10000, 0x000002139fed0000]
CodeHeap 'non-nmethods': size=5760Kb used=1372Kb max_used=1386Kb free=4387Kb
 bounds [0x000002139fed0000, 0x00000213a0140000, 0x00000213a0470000]
 total_blobs=973 nmethods=551 adapters=333
 compilation: enabled
              stopped_count=0, restarted_count=0
 full_count=0

Compilation events (20 events):
Event: 2.151 Thread 0x00000213abbb5f30  541   !   3       java.lang.ref.ReferenceQueue::poll (40 bytes)
Event: 2.152 Thread 0x00000213abbb5f30 nmethod 541 0x0000021398a5da10 code [0x0000021398a5dc40, 0x0000021398a5e698]
Event: 2.160 Thread 0x00000213abbb35a0  542       4       java.lang.String::isEmpty (14 bytes)
Event: 2.161 Thread 0x00000213abbb35a0 nmethod 542 0x00000213a049dd90 code [0x00000213a049df00, 0x00000213a049dfa8]
Event: 2.162 Thread 0x00000213abbb5f30  544       3       jdk.internal.misc.Unsafe::putReferenceRelease (9 bytes)
Event: 2.162 Thread 0x00000213abbb5f30 nmethod 544 0x0000021398a5ea10 code [0x0000021398a5eba0, 0x0000021398a5ed00]
Event: 2.162 Thread 0x00000213abbb5f30  545       3       java.util.concurrent.ConcurrentHashMap::setTabAt (20 bytes)
Event: 2.162 Thread 0x00000213abbb5f30 nmethod 545 0x0000021398a5ed90 code [0x0000021398a5ef20, 0x0000021398a5f128]
Event: 2.164 Thread 0x00000213abbb5f30  546       3       java.lang.invoke.MemberName::getModifiers (8 bytes)
Event: 2.165 Thread 0x00000213abbb5f30 nmethod 546 0x0000021398a5f210 code [0x0000021398a5f3a0, 0x0000021398a5f4b8]
Event: 2.165 Thread 0x00000213abbb5f30  547       3       java.lang.invoke.MemberName$Factory::resolveOrFail (79 bytes)
Event: 2.166 Thread 0x00000213abbb5f30 nmethod 547 0x0000021398a5f590 code [0x0000021398a5f780, 0x0000021398a5fe58]
Event: 2.168 Thread 0x00000213abbb5f30  548       3       java.lang.StringConcatHelper::stringOf (20 bytes)
Event: 2.169 Thread 0x00000213abbb5f30 nmethod 548 0x0000021398a60090 code [0x0000021398a60220, 0x0000021398a60458]
Event: 2.169 Thread 0x00000213abbb5f30  549       3       java.lang.StringConcatHelper::mix (27 bytes)
Event: 2.169 Thread 0x00000213abbb5f30 nmethod 549 0x0000021398a60510 code [0x0000021398a606e0, 0x0000021398a60ad8]
Event: 2.169 Thread 0x00000213abbb5f30  550       3       java.lang.StringConcatHelper::checkOverflow (17 bytes)
Event: 2.169 Thread 0x00000213abbb5f30 nmethod 550 0x0000021398a60c90 code [0x0000021398a60e20, 0x0000021398a60ff0]
Event: 2.169 Thread 0x00000213abbb5f30  551       1       java.security.CodeSource::getLocationNoFragString (5 bytes)
Event: 2.170 Thread 0x00000213abbb5f30 nmethod 551 0x00000213a049e490 code [0x00000213a049e600, 0x00000213a049e6c8]

GC Heap History (0 events):
No events

Dll operation events (8 events):
Event: 0.141 Loaded shared library C:\Users\charl\.jdks\openjdk-20.0.2\bin\java.dll
Event: 0.364 Loaded shared library C:\Users\charl\.jdks\openjdk-20.0.2\bin\jsvml.dll
Event: 0.568 Loaded shared library C:\Users\charl\.jdks\openjdk-20.0.2\bin\net.dll
Event: 0.573 Loaded shared library C:\Users\charl\.jdks\openjdk-20.0.2\bin\nio.dll
Event: 0.589 Loaded shared library C:\Users\charl\.jdks\openjdk-20.0.2\bin\zip.dll
Event: 1.382 Loaded shared library C:\Users\charl\.jdks\openjdk-20.0.2\bin\zip.dll
Event: 1.392 Loaded shared library C:\Users\charl\.jdks\openjdk-20.0.2\bin\instrument.dll
Event: 1.507 Loaded shared library C:\Program Files\JetBrains\IntelliJ IDEA Community Edition 2023.2.2\bin\breakgen64.dll

Deoptimization events (20 events):
Event: 1.343 Thread 0x000002138f0fcdb0 Uncommon trap: trap_request=0xffffff45 fr.pc=0x00000213a04817c0 relative=0x0000000000000600
Event: 1.343 Thread 0x000002138f0fcdb0 Uncommon trap: reason=unstable_if action=reinterpret pc=0x00000213a04817c0 method=java.util.ImmutableCollections$SetN.probe(Ljava/lang/Object;)I @ 34 c2
Event: 1.343 Thread 0x000002138f0fcdb0 DEOPT PACKING pc=0x00000213a04817c0 sp=0x00000053c3efe8d0
Event: 1.343 Thread 0x000002138f0fcdb0 DEOPT UNPACKING pc=0x000002139ff39d22 sp=0x00000053c3efe870 mode 2
Event: 1.360 Thread 0x000002138f0fcdb0 Uncommon trap: trap_request=0xffffff45 fr.pc=0x00000213a0484248 relative=0x00000000000004a8
Event: 1.360 Thread 0x000002138f0fcdb0 Uncommon trap: reason=unstable_if action=reinterpret pc=0x00000213a0484248 method=java.lang.StringLatin1.newString([BII)Ljava/lang/String; @ 1 c2
Event: 1.360 Thread 0x000002138f0fcdb0 DEOPT PACKING pc=0x00000213a0484248 sp=0x00000053c3efe720
Event: 1.360 Thread 0x000002138f0fcdb0 DEOPT UNPACKING pc=0x000002139ff39d22 sp=0x00000053c3efe680 mode 2
Event: 1.360 Thread 0x000002138f0fcdb0 Uncommon trap: trap_request=0xffffff45 fr.pc=0x00000213a0485dd4 relative=0x00000000000003b4
Event: 1.360 Thread 0x000002138f0fcdb0 Uncommon trap: reason=unstable_if action=reinterpret pc=0x00000213a0485dd4 method=java.lang.StringLatin1.newString([BII)Ljava/lang/String; @ 1 c2
Event: 1.360 Thread 0x000002138f0fcdb0 DEOPT PACKING pc=0x00000213a0485dd4 sp=0x00000053c3efe6a0
Event: 1.360 Thread 0x000002138f0fcdb0 DEOPT UNPACKING pc=0x000002139ff39d22 sp=0x00000053c3efe680 mode 2
Event: 1.383 Thread 0x000002138f0fcdb0 Uncommon trap: trap_request=0xffffff45 fr.pc=0x00000213a0478ab0 relative=0x00000000000000b0
Event: 1.383 Thread 0x000002138f0fcdb0 Uncommon trap: reason=unstable_if action=reinterpret pc=0x00000213a0478ab0 method=java.lang.String.isLatin1()Z @ 10 c2
Event: 1.383 Thread 0x000002138f0fcdb0 DEOPT PACKING pc=0x00000213a0478ab0 sp=0x00000053c3efe640
Event: 1.383 Thread 0x000002138f0fcdb0 DEOPT UNPACKING pc=0x000002139ff39d22 sp=0x00000053c3efe580 mode 2
Event: 1.423 Thread 0x000002138f0fcdb0 Uncommon trap: trap_request=0xffffff45 fr.pc=0x00000213a0488d40 relative=0x0000000000000800
Event: 1.423 Thread 0x000002138f0fcdb0 Uncommon trap: reason=unstable_if action=reinterpret pc=0x00000213a0488d40 method=java.util.zip.ZipFile$Source.checkAndAddEntry(II)I @ 128 c2
Event: 1.423 Thread 0x000002138f0fcdb0 DEOPT PACKING pc=0x00000213a0488d40 sp=0x00000053c3efdcb0
Event: 1.423 Thread 0x000002138f0fcdb0 DEOPT UNPACKING pc=0x000002139ff39d22 sp=0x00000053c3efdc20 mode 2

Classes loaded (20 events):
Event: 1.868 Loading class sun/nio/cs/StreamDecoder
Event: 1.868 Loading class sun/nio/cs/StreamDecoder done
Event: 1.868 Loading class sun/nio/cs/US_ASCII$Decoder
Event: 1.875 Loading class java/util/concurrent/atomic/AtomicBoolean
Event: 1.876 Loading class sun/nio/cs/US_ASCII$Decoder done
Event: 1.876 Loading class java/util/concurrent/atomic/AtomicBoolean done
Event: 1.890 Loading class java/lang/reflect/TypeVariable
Event: 1.890 Loading class java/lang/reflect/TypeVariable done
Event: 1.890 Loading class java/lang/InstantiationException
Event: 1.890 Loading class java/lang/InstantiationException done
Event: 1.890 Loading class java/lang/SecurityException
Event: 1.890 Loading class java/lang/SecurityException done
Event: 1.890 Loading class java/lang/reflect/AnnotatedType
Event: 1.904 Loading class java/lang/reflect/AnnotatedType done
Event: 1.912 Loading class java/util/concurrent/CountDownLatch
Event: 1.913 Loading class java/util/concurrent/CountDownLatch done
Event: 1.913 Loading class java/util/concurrent/CountDownLatch$Sync
Event: 1.914 Loading class java/util/concurrent/CountDownLatch$Sync done
Event: 2.135 Loading class java/util/concurrent/CopyOnWriteArraySet
Event: 2.138 Loading class java/util/concurrent/CopyOnWriteArraySet done

Classes unloaded (0 events):
No events

Classes redefined (0 events):
No events

Internal exceptions (12 events):
Event: 0.868 Thread 0x000002138f0fcdb0 Exception <a 'java/lang/NoSuchMethodError'{0x00000000c50e7cd0}: 'void java.lang.invoke.DirectMethodHandle$Holder.invokeSpecial(java.lang.Object, java.lang.Object, java.lang.Object)'> (0x00000000c50e7cd0) 
thrown [s\open\src\hotspot\share\interpreter\linkResolver.cpp, line 773]
Event: 1.150 Thread 0x000002138f0fcdb0 Exception <a 'java/lang/NoSuchMethodError'{0x00000000c4ed7f40}: 'void java.lang.invoke.DirectMethodHandle$Holder.invokeVirtual(java.lang.Object, java.lang.Object)'> (0x00000000c4ed7f40) 
thrown [s\open\src\hotspot\share\interpreter\linkResolver.cpp, line 773]
Event: 1.155 Thread 0x000002138f0fcdb0 Exception <a 'java/lang/NoSuchMethodError'{0x00000000c4ee38d8}: 'java.lang.Object java.lang.invoke.DirectMethodHandle$Holder.invokeInterface(java.lang.Object, java.lang.Object, java.lang.Object)'> (0x00000000c4ee38d8) 
thrown [s\open\src\hotspot\share\interpreter\linkResolver.cpp, line 773]
Event: 1.321 Thread 0x000002138f0fcdb0 Exception <a 'java/lang/NoSuchMethodError'{0x00000000c4bead80}: 'void java.lang.invoke.DirectMethodHandle$Holder.invokeSpecial(java.lang.Object, java.lang.Object, java.lang.Object, java.lang.Object, java.lang.Object)'> (0x00000000c4bead80) 
thrown [s\open\src\hotspot\share\interpreter\linkResolver.cpp, line 773]
Event: 1.335 Thread 0x000002138f0fcdb0 Exception <a 'java/lang/NoSuchMethodError'{0x00000000c4a00c30}: 'java.lang.Object java.lang.invoke.DirectMethodHandle$Holder.invokeInterface(java.lang.Object, java.lang.Object)'> (0x00000000c4a00c30) 
thrown [s\open\src\hotspot\share\interpreter\linkResolver.cpp, line 773]
Event: 1.336 Thread 0x000002138f0fcdb0 Exception <a 'java/lang/IncompatibleClassChangeError'{0x00000000c4a03e98}: Found class java.lang.Object, but interface was expected> (0x00000000c4a03e98) 
thrown [s\open\src\hotspot\share\interpreter\linkResolver.cpp, line 840]
Event: 1.338 Thread 0x000002138f0fcdb0 Exception <a 'java/lang/NoSuchMethodError'{0x00000000c4a06cc8}: 'void java.lang.invoke.DirectMethodHandle$Holder.invokeStatic(java.lang.Object, java.lang.Object, java.lang.Object, java.lang.Object)'> (0x00000000c4a06cc8) 
thrown [s\open\src\hotspot\share\interpreter\linkResolver.cpp, line 773]
Event: 1.438 Thread 0x000002138f0fcdb0 Exception <a 'java/lang/NoSuchMethodError'{0x00000000c4ac4798}: 'void java.lang.invoke.DirectMethodHandle$Holder.invokeStatic(java.lang.Object, java.lang.Object, java.lang.Object)'> (0x00000000c4ac4798) 
thrown [s\open\src\hotspot\share\interpreter\linkResolver.cpp, line 773]
Event: 1.480 Thread 0x000002138f0fcdb0 Exception <a 'java/lang/NoSuchMethodError'{0x00000000c4ada610}: 'java.lang.Object java.lang.invoke.Invokers$Holder.invokeExact_MT(java.lang.Object, java.lang.Object, java.lang.Object, java.lang.Object, java.lang.Object)'> (0x00000000c4ada610) 
thrown [s\open\src\hotspot\share\interpreter\linkResolver.cpp, line 773]
Event: 1.702 Thread 0x00000213f15240b0 Exception <a 'java/lang/ClassNotFoundException'{0x00000000c4904590}: jdk/net/ExtendedSocketOptions> (0x00000000c4904590) 
thrown [s\open\src\hotspot\share\classfile\systemDictionary.cpp, line 305]
Event: 1.704 Thread 0x00000213f15240b0 Exception <a 'java/lang/NoSuchMethodError'{0x00000000c4905f08}: 'void java.lang.invoke.DirectMethodHandle$Holder.invokeStatic(java.lang.Object, java.lang.Object)'> (0x00000000c4905f08) 
thrown [s\open\src\hotspot\share\interpreter\linkResolver.cpp, line 773]
Event: 1.887 Thread 0x000002138f0fcdb0 Exception <a 'java/lang/NoSuchMethodError'{0x00000000c49beea0}: 'java.lang.Object java.lang.invoke.Invokers$Holder.invokeExact_MT(java.lang.Object, java.lang.Object, java.lang.Object, java.lang.Object, java.lang.Object, java.lang.Object)'> (0x00000000c49beea0) 
thrown [s\open\src\hotspot\share\interpreter\linkResolver.cpp, line 773]

VM Operations (8 events):
Event: 1.082 Executing VM operation: HandshakeAllThreads
Event: 1.082 Executing VM operation: HandshakeAllThreads done
Event: 1.325 Executing VM operation: HandshakeAllThreads
Event: 1.325 Executing VM operation: HandshakeAllThreads done
Event: 1.584 Executing VM operation: HandshakeAllThreads
Event: 1.584 Executing VM operation: HandshakeAllThreads done
Event: 1.584 Executing VM operation: Cleanup
Event: 1.584 Executing VM operation: Cleanup done

Events (12 events):
Event: 0.366 Thread 0x000002138f0fcdb0 Thread added: 0x000002138f0fcdb0
Event: 0.454 Thread 0x00000213abb76870 Thread added: 0x00000213abb76870
Event: 0.455 Thread 0x00000213abb77670 Thread added: 0x00000213abb77670
Event: 0.462 Thread 0x00000213abb79700 Thread added: 0x00000213abb79700
Event: 0.462 Thread 0x00000213abb7d160 Thread added: 0x00000213abb7d160
Event: 0.462 Thread 0x00000213abb7daa0 Thread added: 0x00000213abb7daa0
Event: 0.463 Thread 0x00000213abb863f0 Thread added: 0x00000213abb863f0
Event: 0.463 Thread 0x00000213abbb35a0 Thread added: 0x00000213abbb35a0
Event: 0.464 Thread 0x00000213abbb5f30 Thread added: 0x00000213abbb5f30
Event: 0.556 Thread 0x00000213f10a78b0 Thread added: 0x00000213f10a78b0
Event: 1.510 Thread 0x00000213f15240b0 Thread added: 0x00000213f15240b0
Event: 1.510 Thread 0x00000213f1526610 Thread added: 0x00000213f1526610


Dynamic libraries:
0x00007ff60d960000 - 0x00007ff60d96e000 	C:\Users\charl\.jdks\openjdk-20.0.2\bin\java.exe
0x00007ffe8bd50000 - 0x00007ffe8bf47000 	C:\Windows\SYSTEM32\ntdll.dll
0x00007ffe8af40000 - 0x00007ffe8affd000 	C:\Windows\System32\KERNEL32.DLL
0x00007ffe898f0000 - 0x00007ffe89be6000 	C:\Windows\System32\KERNELBASE.dll
0x00007ffe89690000 - 0x00007ffe89790000 	C:\Windows\System32\ucrtbase.dll
0x00007ffe85f80000 - 0x00007ffe85f9b000 	C:\Users\charl\.jdks\openjdk-20.0.2\bin\VCRUNTIME140.dll
0x00007ffe85f20000 - 0x00007ffe85f37000 	C:\Users\charl\.jdks\openjdk-20.0.2\bin\jli.dll
0x00007ffe8ab20000 - 0x00007ffe8acbe000 	C:\Windows\System32\USER32.dll
0x00007ffe895a0000 - 0x00007ffe895c2000 	C:\Windows\System32\win32u.dll
0x00007ffe7a300000 - 0x00007ffe7a59a000 	C:\Windows\WinSxS\amd64_microsoft.windows.common-controls_6595b64144ccf1df_6.0.19041.3570_none_60bb2a3971f3e41a\COMCTL32.dll
0x00007ffe8b130000 - 0x00007ffe8b15c000 	C:\Windows\System32\GDI32.dll
0x00007ffe8aa80000 - 0x00007ffe8ab1e000 	C:\Windows\System32\msvcrt.dll
0x00007ffe89430000 - 0x00007ffe8954a000 	C:\Windows\System32\gdi32full.dll
0x00007ffe89d10000 - 0x00007ffe89dad000 	C:\Windows\System32\msvcp_win.dll
0x00007ffe8a990000 - 0x00007ffe8a9c0000 	C:\Windows\System32\IMM32.DLL
0x00007ffe85f10000 - 0x00007ffe85f1c000 	C:\Users\charl\.jdks\openjdk-20.0.2\bin\vcruntime140_1.dll
0x00007ffe85e80000 - 0x00007ffe85f0e000 	C:\Users\charl\.jdks\openjdk-20.0.2\bin\msvcp140.dll
0x00007ffe38dc0000 - 0x00007ffe39a58000 	C:\Users\charl\.jdks\openjdk-20.0.2\bin\server\jvm.dll
0x00007ffe8b160000 - 0x00007ffe8b20e000 	C:\Windows\System32\ADVAPI32.dll
0x00007ffe8aea0000 - 0x00007ffe8af3c000 	C:\Windows\System32\sechost.dll
0x00007ffe8b770000 - 0x00007ffe8b896000 	C:\Windows\System32\RPCRT4.dll
0x00007ffe7a650000 - 0x00007ffe7a677000 	C:\Windows\SYSTEM32\WINMM.dll
0x00007ffe76a10000 - 0x00007ffe76a19000 	C:\Windows\SYSTEM32\WSOCK32.dll
0x00007ffe816f0000 - 0x00007ffe816fa000 	C:\Windows\SYSTEM32\VERSION.dll
0x00007ffe8a020000 - 0x00007ffe8a08b000 	C:\Windows\System32\WS2_32.dll
0x00007ffe87c60000 - 0x00007ffe87c72000 	C:\Windows\SYSTEM32\kernel.appcore.dll
0x00007ffe85e70000 - 0x00007ffe85e7a000 	C:\Users\charl\.jdks\openjdk-20.0.2\bin\jimage.dll
0x00007ffe77960000 - 0x00007ffe77b44000 	C:\Windows\SYSTEM32\DBGHELP.DLL
0x00007ffe777b0000 - 0x00007ffe777e4000 	C:\Windows\SYSTEM32\dbgcore.DLL
0x00007ffe895d0000 - 0x00007ffe89652000 	C:\Windows\System32\bcryptPrimitives.dll
0x00007ffe7f9e0000 - 0x00007ffe7f9ee000 	C:\Users\charl\.jdks\openjdk-20.0.2\bin\instrument.dll
0x00007ffe843c0000 - 0x00007ffe843e6000 	C:\Users\charl\.jdks\openjdk-20.0.2\bin\java.dll
0x00007ffe774d0000 - 0x00007ffe775a7000 	C:\Users\charl\.jdks\openjdk-20.0.2\bin\jsvml.dll
0x00007ffe8a090000 - 0x00007ffe8a7d4000 	C:\Windows\System32\SHELL32.dll
0x00007ffe874b0000 - 0x00007ffe87c4b000 	C:\Windows\SYSTEM32\windows.storage.dll
0x00007ffe8b210000 - 0x00007ffe8b564000 	C:\Windows\System32\combase.dll
0x00007ffe88e70000 - 0x00007ffe88e9d000 	C:\Windows\SYSTEM32\Wldp.dll
0x00007ffe8acc0000 - 0x00007ffe8ad6d000 	C:\Windows\System32\SHCORE.dll
0x00007ffe89ee0000 - 0x00007ffe89f35000 	C:\Windows\System32\shlwapi.dll
0x00007ffe89360000 - 0x00007ffe89385000 	C:\Windows\SYSTEM32\profapi.dll
0x00007ffe85e50000 - 0x00007ffe85e63000 	C:\Users\charl\.jdks\openjdk-20.0.2\bin\net.dll
0x00007ffe80610000 - 0x00007ffe8071a000 	C:\Windows\SYSTEM32\WINHTTP.dll
0x00007ffe88bd0000 - 0x00007ffe88c3a000 	C:\Windows\system32\mswsock.dll
0x00007ffe7fc00000 - 0x00007ffe7fc16000 	C:\Users\charl\.jdks\openjdk-20.0.2\bin\nio.dll
0x00007ffe774b0000 - 0x00007ffe774c8000 	C:\Users\charl\.jdks\openjdk-20.0.2\bin\zip.dll
0x00007ffe7f9c0000 - 0x00007ffe7f9da000 	C:\Program Files\JetBrains\IntelliJ IDEA Community Edition 2023.2.2\bin\breakgen64.dll

dbghelp: loaded successfully - version: 4.0.5 - missing functions: none
symbol engine: initialized successfully - sym options: 0x614 - pdb path: .;C:\Users\charl\.jdks\openjdk-20.0.2\bin;C:\Windows\SYSTEM32;C:\Windows\WinSxS\amd64_microsoft.windows.common-controls_6595b64144ccf1df_6.0.19041.3570_none_60bb2a3971f3e41a;C:\Users\charl\.jdks\openjdk-20.0.2\bin\server;C:\Program Files\JetBrains\IntelliJ IDEA Community Edition 2023.2.2\bin

VM Arguments:
jvm_args: -javaagent:C:\Program Files\JetBrains\IntelliJ IDEA Community Edition 2023.2.2\lib\idea_rt.jar=61693:C:\Program Files\JetBrains\IntelliJ IDEA Community Edition 2023.2.2\bin -Dfile.encoding=UTF-8 -Dsun.stdout.encoding=UTF-8 -Dsun.stderr.encoding=UTF-8 --module-path=C:\Users\charl\.m2\repository\net\synedra\validatorfx\0.4.0\validatorfx-0.4.0.jar;C:\Users\charl\.m2\repository\org\controlsfx\controlsfx\11.1.2\controlsfx-11.1.2.jar;C:\Users\charl\.m2\repository\org\openjfx\javafx-fxml\20.0.1\javafx-fxml-20.0.1-win.jar;C:\Users\charl\.m2\repository\org\openjfx\javafx-controls\20.0.1\javafx-controls-20.0.1-win.jar;D:\Code\Java\ProjectOOP_Dictionary\Added Libraries\jlayer-1.0.1.jar;D:\Code\Java\ProjectOOP_Dictionary\Dictionary\target\classes;C:\Users\charl\.m2\repository\org\openjfx\javafx-graphics\20.0.1\javafx-graphics-20.0.1-win.jar;D:\Code\Java\ProjectOOP_Dictionary\Added Libraries\java-google-speech-api-8.0.0.jar;C:\Users\charl\.m2\repository\org\openjfx\javafx-base\20.0.1\javafx-base-20.0.1-win.jar;C:\Users\charl\.m2\repository\org\kordamp\bootstrapfx\bootstrapfx-core\0.4.0\bootstrapfx-core-0.4.0.jar -Djdk.module.main=com.example.dictionary 
java_command: com.example.dictionary/com.example.dictionary.DictionaryApplication
java_class_path (initial): C:\Users\charl\.m2\repository\org\openjfx\javafx-controls\20.0.1\javafx-controls-20.0.1.jar;C:\Users\charl\.m2\repository\org\openjfx\javafx-graphics\20.0.1\javafx-graphics-20.0.1.jar;C:\Users\charl\.m2\repository\org\openjfx\javafx-base\20.0.1\javafx-base-20.0.1.jar;C:\Users\charl\.m2\repository\org\openjfx\javafx-fxml\20.0.1\javafx-fxml-20.0.1.jar;D:\Code\Java\ProjectOOP_Dictionary\Added Libraries\mysql-connector-j-8.1.0.jar
Launcher Type: SUN_STANDARD

[Global flags]
     intx CICompilerCount                          = 3                                         {product} {ergonomic}
     uint ConcGCThreads                            = 1                                         {product} {ergonomic}
     uint G1ConcRefinementThreads                  = 4                                         {product} {ergonomic}
   size_t G1HeapRegionSize                         = 1048576                                   {product} {ergonomic}
    uintx GCDrainStackTargetSize                   = 64                                        {product} {ergonomic}
   size_t InitialHeapSize                          = 67108864                                  {product} {ergonomic}
   size_t MarkStackSize                            = 4194304                                   {product} {ergonomic}
   size_t MaxHeapSize                              = 1054867456                                {product} {ergonomic}
   size_t MaxNewSize                               = 632291328                                 {product} {ergonomic}
   size_t MinHeapDeltaBytes                        = 1048576                                   {product} {ergonomic}
   size_t MinHeapSize                              = 8388608                                   {product} {ergonomic}
    uintx NonNMethodCodeHeapSize                   = 5832780                                {pd product} {ergonomic}
    uintx NonProfiledCodeHeapSize                  = 122912730                              {pd product} {ergonomic}
    uintx ProfiledCodeHeapSize                     = 122912730                              {pd product} {ergonomic}
    uintx ReservedCodeCacheSize                    = 251658240                              {pd product} {ergonomic}
     bool SegmentedCodeCache                       = true                                      {product} {ergonomic}
   size_t SoftMaxHeapSize                          = 1054867456                             {manageable} {ergonomic}
     bool UseCompressedClassPointers               = true                           {product lp64_product} {ergonomic}
     bool UseCompressedOops                        = true                           {product lp64_product} {ergonomic}
     bool UseG1GC                                  = true                                      {product} {ergonomic}
     bool UseLargePagesIndividualAllocation        = false                                  {pd product} {ergonomic}

Logging:
Log output configuration:
 #0: stdout all=warning uptime,level,tags foldmultilines=false
 #1: stderr all=off uptime,level,tags foldmultilines=false

Environment Variables:
PATH=C:\Windows\system32;C:\Windows;C:\Windows\System32\Wbem;C:\Windows\System32\WindowsPowerShell\v1.0\;C:\Windows\System32\OpenSSH\;C:\Program Files\Microsoft SQL Server\130\Tools\Binn\;C:\Program Files (x86)\mingw-w64\i686-8.1.0-posix-dwarf-rt_v6-rev0\mingw32\bin;C:\Program Files\dotnet\;C:\Program Files\Microsoft SQL Server\150\Tools\Binn\;C:\Program Files\Microsoft SQL Server\Client SDK\ODBC\170\Tools\Binn\;D:\Code\SDL\SDL2\bin;C:\Users\charl\AppData\Local\Microsoft\WindowsApps;C:\Program Files (x86)\mingw-w64\i686-8.1.0-posix-dwarf-rt_v6-rev0\mingw32\bin;C:\Users\charl\.dotnet\tools;D:\Code\SDL\SDL2\bin;C:\Users\charl\AppData\Local\Programs\Microsoft VS Code\bin;C:\Program Files\JetBrains\IntelliJ IDEA Community Edition 2023.2.2\bin;;C:\Users\charl\AppData\Local\GitHubDesktop\bin;C:\Program Files\JetBrains\IntelliJ IDEA 2023.2.2\bin;
USERNAME=charl
OS=Windows_NT
PROCESSOR_IDENTIFIER=Intel64 Family 6 Model 69 Stepping 1, GenuineIntel
TMP=C:\Users\charl\AppData\Local\Temp
TEMP=C:\Users\charl\AppData\Local\Temp




---------------  S Y S T E M  ---------------

OS:
 Windows 10 , 64 bit Build 19041 (10.0.19041.3570)
OS uptime: 0 days 5:33 hours

CPU: total 4 (initial active 4) (2 cores per cpu, 2 threads per core) family 6 model 69 stepping 1 microcode 0x25, cx8, cmov, fxsr, ht, mmx, sse, sse2, sse3, ssse3, sse4.1, sse4.2, popcnt, lzcnt, tsc, tscinvbit, avx, avx2, aes, erms, clmul, bmi1, bmi2, fma, vzeroupper, clflush, rdtscp, f16c

Memory: 4k page, system-wide physical 4017M (363M free)
TotalPageFile size 10429M (AvailPageFile size 0M)
current process WorkingSet (physical memory assigned to process): 48M, peak: 48M
current process commit charge ("private bytes"): 139M, peak: 139M

vm_info: OpenJDK 64-Bit Server VM (20.0.2+9-78) for windows-amd64 JRE (20.0.2+9-78), built on 2023-06-14T10:08:48Z by "mach5one" with MS VC++ 17.1 (VS2022)

END.
